<?xml version="1.0" encoding="UTF-8"?>
<testsuite xmlns:xsi="http://www.w3.org/2001/XMLSchema-instance" xsi:noNamespaceSchemaLocation="https://maven.apache.org/surefire/maven-surefire-plugin/xsd/surefire-test-report-3.0.xsd" version="3.0" name="org.apache.bookkeeper.client.LedgerHandleAddEntryTest" time="28.409" tests="10" errors="0" skipped="0" failures="0">
  <properties>
[...]
</properties>
  <testcase name="ledgerWriteThenReadTest[0]" classname="org.apache.bookkeeper.client.LedgerHandleAddEntryTest" time="5.874"/>
  <testcase name="ledgerWriteThenReadTest[1]" classname="org.apache.bookkeeper.client.LedgerHandleAddEntryTest" time="4.591"/>
  <testcase name="ledgerWriteThenReadTest[2]" classname="org.apache.bookkeeper.client.LedgerHandleAddEntryTest" time="4.272"/>
  <testcase name="ledgerWriteThenReadTest[3]" classname="org.apache.bookkeeper.client.LedgerHandleAddEntryTest" time="1.865"/>
  <testcase name="ledgerWriteThenReadTest[4]" classname="org.apache.bookkeeper.client.LedgerHandleAddEntryTest" time="2.182"/>
  <testcase name="ledgerWriteThenReadTest[5]" classname="org.apache.bookkeeper.client.LedgerHandleAddEntryTest" time="1.761"/>
  <testcase name="ledgerWriteThenReadTest[6]" classname="org.apache.bookkeeper.client.LedgerHandleAddEntryTest" time="2.124"/>
  <testcase name="ledgerWriteThenReadTest[7]" classname="org.apache.bookkeeper.client.LedgerHandleAddEntryTest" time="1.902"/>
  <testcase name="ledgerWriteThenReadTest[8]" classname="org.apache.bookkeeper.client.LedgerHandleAddEntryTest" time="1.757"/>
  <testcase name="ledgerWriteThenReadTest[9]" classname="org.apache.bookkeeper.client.LedgerHandleAddEntryTest" time="2.046"/>
</testsuite>