GROUP,PACKAGE,CLASS,INSTRUCTION_MISSED,INSTRUCTION_COVERED,BRANCH_MISSED,BRANCH_COVERED,LINE_MISSED,LINE_COVERED,COMPLEXITY_MISSED,COMPLEXITY_COVERED,METHOD_MISSED,METHOD_COVERED
Apache BookKeeper :: Server,org.apache.bookkeeper.zookeeper,ExponentialBackoffRetryPolicy,25,15,2,0,2,5,3,1,2,1
Apache BookKeeper :: Server,org.apache.bookkeeper.zookeeper,ZooKeeperClient.31.new AsyncCallback.ChildrenCallback() {...},10,27,1,1,1,5,1,2,0,2
Apache BookKeeper :: Server,org.apache.bookkeeper.zookeeper,ZooKeeperClient.Builder,22,158,3,7,10,35,5,10,2,8
Apache BookKeeper :: Server,org.apache.bookkeeper.zookeeper,ZooKeeperClient.ZkRetryRunnable,4,23,1,1,1,8,1,2,0,2
Apache BookKeeper :: Server,org.apache.bookkeeper.zookeeper,ZooWorker,48,135,14,14,8,41,14,7,1,6
Apache BookKeeper :: Server,org.apache.bookkeeper.zookeeper,ZooKeeperClient.18.new AsyncCallback.StatCallback() {...},37,0,2,0,6,0,3,0,2,0
Apache BookKeeper :: Server,org.apache.bookkeeper.zookeeper,ZooKeeperClient.17.new AsyncCallback.StatCallback() {...},37,0,2,0,6,0,3,0,2,0
Apache BookKeeper :: Server,org.apache.bookkeeper.zookeeper,ZooKeeperClient.8.new AsyncCallback.VoidCallback() {...},10,26,1,1,1,5,1,2,0,2
Apache BookKeeper :: Server,org.apache.bookkeeper.zookeeper,ZooKeeperClient.28.new AsyncCallback.Children2Callback() {...},38,0,2,0,6,0,3,0,2,0
Apache BookKeeper :: Server,org.apache.bookkeeper.zookeeper,ZooKeeperClient.new ZooWorker.ZooCallable() {...},23,29,1,1,2,4,2,2,1,2
Apache BookKeeper :: Server,org.apache.bookkeeper.zookeeper,ZooKeeperClient.new ZooWorker.ZooCallable() {...},22,29,1,1,2,4,2,2,1,2
Apache BookKeeper :: Server,org.apache.bookkeeper.zookeeper,ZooKeeperClient.new ZooKeeperClient.ZkRetryRunnable() {...},26,49,1,1,2,6,2,2,1,2
Apache BookKeeper :: Server,org.apache.bookkeeper.zookeeper,ZooKeeperClient.new ZooWorker.ZooCallable() {...},53,0,2,0,7,0,4,0,3,0
Apache BookKeeper :: Server,org.apache.bookkeeper.zookeeper,ZooKeeperClient.new ZooWorker.ZooCallable() {...},24,34,1,1,2,4,2,2,1,2
Apache BookKeeper :: Server,org.apache.bookkeeper.zookeeper,ZooKeeperClient.new ZooKeeperClient.ZkRetryRunnable() {...},75,0,2,0,8,0,4,0,3,0
Apache BookKeeper :: Server,org.apache.bookkeeper.zookeeper,ZooKeeperClient.new ZooKeeperClient.ZkRetryRunnable() {...},74,0,2,0,8,0,4,0,3,0
Apache BookKeeper :: Server,org.apache.bookkeeper.zookeeper,ZooKeeperClient.new ZooKeeperClient.ZkRetryRunnable() {...},93,0,2,0,8,0,4,0,3,0
Apache BookKeeper :: Server,org.apache.bookkeeper.zookeeper,ZooKeeperClient.new ZooWorker.ZooCallable() {...},70,0,2,0,6,0,4,0,3,0
Apache BookKeeper :: Server,org.apache.bookkeeper.zookeeper,ZooKeeperClient.new ZooKeeperClient.ZkRetryRunnable() {...},34,59,1,1,2,6,2,2,1,2
Apache BookKeeper :: Server,org.apache.bookkeeper.zookeeper,ZooKeeperClient.new ZooKeeperClient.ZkRetryRunnable() {...},25,49,1,1,2,6,2,2,1,2
Apache BookKeeper :: Server,org.apache.bookkeeper.zookeeper,ZooKeeperClient.new ZooKeeperClient.ZkRetryRunnable() {...},54,0,2,0,8,0,4,0,3,0
Apache BookKeeper :: Server,org.apache.bookkeeper.zookeeper,ZooKeeperClient.new ZooWorker.ZooCallable() {...},7,24,1,1,2,4,2,2,1,2
Apache BookKeeper :: Server,org.apache.bookkeeper.zookeeper,ZooKeeperClient.new ZooWorker.ZooCallable() {...},59,0,2,0,6,0,4,0,3,0
Apache BookKeeper :: Server,org.apache.bookkeeper.zookeeper,ZooKeeperClient.new ZooKeeperClient.ZkRetryRunnable() {...},74,0,2,0,8,0,4,0,3,0
Apache BookKeeper :: Server,org.apache.bookkeeper.zookeeper,ZooKeeperClient.new ZooWorker.ZooCallable() {...},58,0,2,0,6,0,4,0,3,0
Apache BookKeeper :: Server,org.apache.bookkeeper.zookeeper,ZooKeeperClient.new ZooWorker.ZooCallable() {...},51,0,2,0,6,0,4,0,3,0
Apache BookKeeper :: Server,org.apache.bookkeeper.zookeeper,ZooKeeperClient.new ZooKeeperClient.ZkRetryRunnable() {...},28,54,1,1,2,6,2,2,1,2
Apache BookKeeper :: Server,org.apache.bookkeeper.zookeeper,ZooKeeperClient.new Callable() {...},27,6,0,0,6,1,1,1,1,1
Apache BookKeeper :: Server,org.apache.bookkeeper.zookeeper,ZooKeeperClient.new ZooWorker.ZooCallable() {...},51,0,2,0,6,0,4,0,3,0
Apache BookKeeper :: Server,org.apache.bookkeeper.zookeeper,ZooKeeperClient.new ZooKeeperClient.ZkRetryRunnable() {...},75,0,2,0,8,0,4,0,3,0
Apache BookKeeper :: Server,org.apache.bookkeeper.zookeeper,ZooKeeperClient.new ZooKeeperClient.ZkRetryRunnable() {...},87,0,2,0,8,0,4,0,3,0
Apache BookKeeper :: Server,org.apache.bookkeeper.zookeeper,ZooKeeperClient.new ZooWorker.ZooCallable() {...},64,0,2,0,6,0,4,0,3,0
Apache BookKeeper :: Server,org.apache.bookkeeper.zookeeper,ZooKeeperClient.new ZooWorker.ZooCallable() {...},31,39,1,1,2,4,2,2,1,2
Apache BookKeeper :: Server,org.apache.bookkeeper.zookeeper,ZooKeeperClient.new ZooKeeperClient.ZkRetryRunnable() {...},18,44,1,1,2,6,2,2,1,2
Apache BookKeeper :: Server,org.apache.bookkeeper.zookeeper,ZooKeeperClient.new ZooWorker.ZooCallable() {...},59,0,2,0,6,0,4,0,3,0
Apache BookKeeper :: Server,org.apache.bookkeeper.zookeeper,ZooKeeperClient.new ZooKeeperClient.ZkRetryRunnable() {...},75,0,2,0,8,0,4,0,3,0
Apache BookKeeper :: Server,org.apache.bookkeeper.zookeeper,ZooKeeperClient.new ZooKeeperClient.ZkRetryRunnable() {...},74,0,2,0,8,0,4,0,3,0
Apache BookKeeper :: Server,org.apache.bookkeeper.zookeeper,ZooKeeperClient.new ZooWorker.ZooCallable() {...},25,34,1,1,2,4,2,2,1,2
Apache BookKeeper :: Server,org.apache.bookkeeper.zookeeper,ZooKeeperClient.new ZooWorker.ZooCallable() {...},52,0,2,0,6,0,4,0,3,0
Apache BookKeeper :: Server,org.apache.bookkeeper.zookeeper,ZooKeeperClient.new ZooKeeperClient.ZkRetryRunnable() {...},26,49,1,1,2,6,2,2,1,2
Apache BookKeeper :: Server,org.apache.bookkeeper.zookeeper,ZooKeeperClient.new ZooKeeperClient.ZkRetryRunnable() {...},25,49,1,1,2,6,2,2,1,2
Apache BookKeeper :: Server,org.apache.bookkeeper.zookeeper,ZooKeeperClient.24.new AsyncCallback.StatCallback() {...},10,27,1,1,1,5,1,2,0,2
Apache BookKeeper :: Server,org.apache.bookkeeper.zookeeper,ZooKeeperClient.22.new AsyncCallback.DataCallback() {...},38,0,2,0,6,0,3,0,2,0
Apache BookKeeper :: Server,org.apache.bookkeeper.zookeeper,ZooKeeperClient.32.new AsyncCallback.ChildrenCallback() {...},10,27,1,1,1,5,1,2,0,2
Apache BookKeeper :: Server,org.apache.bookkeeper.zookeeper,BoundExponentialBackoffRetryPolicy,8,8,0,0,1,3,1,1,1,1
Apache BookKeeper :: Server,org.apache.bookkeeper.zookeeper,ZooKeeperWatcherBase,99,140,14,8,28,38,15,9,4,8
Apache BookKeeper :: Server,org.apache.bookkeeper.zookeeper,ZooKeeperClient,581,429,33,7,110,80,52,23,32,23
Apache BookKeeper :: Server,org.apache.bookkeeper.zookeeper,ZooKeeperClient.7.new AsyncCallback.StatCallback() {...},37,0,2,0,6,0,3,0,2,0
Apache BookKeeper :: Server,org.apache.bookkeeper.zookeeper,ZooKeeperClient.5.new AsyncCallback.ACLCallback() {...},38,0,2,0,6,0,3,0,2,0
Apache BookKeeper :: Server,org.apache.bookkeeper.zookeeper,ZooKeeperClient.27.new AsyncCallback.Children2Callback() {...},10,28,1,1,1,5,1,2,0,2
Apache BookKeeper :: Server,org.apache.bookkeeper.zookeeper,ZooKeeperClient.14.new AsyncCallback.VoidCallback() {...},10,26,1,1,1,5,1,2,0,2
Apache BookKeeper :: Server,org.apache.bookkeeper.zookeeper,ZooKeeperClient.3.new AsyncCallback.MultiCallback() {...},37,0,2,0,6,0,3,0,2,0
Apache BookKeeper :: Server,org.apache.bookkeeper.zookeeper,ZooKeeperClient.12.new AsyncCallback.Create2Callback() {...},38,0,2,0,6,0,3,0,2,0
Apache BookKeeper :: Server,org.apache.bookkeeper.zookeeper,ZooKeeperClient.1.new ZooWorker.ZooCallable() {...},75,0,0,0,14,0,3,0,3,0
Apache BookKeeper :: Server,org.apache.bookkeeper.zookeeper,ZooKeeperClient.21.new AsyncCallback.DataCallback() {...},38,0,2,0,6,0,3,0,2,0
Apache BookKeeper :: Server,org.apache.bookkeeper.zookeeper,ZooKeeperClient.10.new AsyncCallback.StringCallback() {...},10,27,1,1,1,5,1,2,0,2
Apache BookKeeper :: Server,org.apache.bookkeeper.replication,AuditorElector,343,0,16,0,76,0,22,0,14,0
Apache BookKeeper :: Server,org.apache.bookkeeper.replication,Auditor.ProcessLostFragmentsCb,100,0,12,0,29,0,8,0,2,0
Apache BookKeeper :: Server,org.apache.bookkeeper.replication,Auditor,793,0,38,0,206,0,41,0,22,0
Apache BookKeeper :: Server,org.apache.bookkeeper.replication,AutoRecoveryMain.new Watcher() {...},19,0,2,0,5,0,3,0,2,0
Apache BookKeeper :: Server,org.apache.bookkeeper.replication,AutoRecoveryMain.new Thread() {...},26,0,4,0,6,0,4,0,2,0
Apache BookKeeper :: Server,org.apache.bookkeeper.replication,ReplicationEnableCb,33,0,4,0,12,0,6,0,4,0
Apache BookKeeper :: Server,org.apache.bookkeeper.replication,Auditor.4.new Runnable() {...},23,0,0,0,5,0,2,0,2,0
Apache BookKeeper :: Server,org.apache.bookkeeper.replication,ReplicationException.CompatibilityException,9,0,0,0,4,0,2,0,2,0
Apache BookKeeper :: Server,org.apache.bookkeeper.replication,Auditor.new Runnable() {...},19,0,0,0,5,0,2,0,2,0
Apache BookKeeper :: Server,org.apache.bookkeeper.replication,Auditor.new ThreadFactory() {...},28,0,0,0,4,0,2,0,2,0
Apache BookKeeper :: Server,org.apache.bookkeeper.replication,Auditor.new Runnable() {...},121,0,10,0,29,0,7,0,2,0
Apache BookKeeper :: Server,org.apache.bookkeeper.replication,Auditor.new Runnable() {...},217,0,20,0,45,0,12,0,2,0
Apache BookKeeper :: Server,org.apache.bookkeeper.replication,Auditor.new BookkeeperInternalCallbacks.Processor() {...},150,0,6,0,39,0,5,0,2,0
Apache BookKeeper :: Server,org.apache.bookkeeper.replication,Auditor.new Runnable() {...},68,0,2,0,23,0,3,0,2,0
Apache BookKeeper :: Server,org.apache.bookkeeper.replication,Auditor.new Runnable() {...},19,0,2,0,5,0,3,0,2,0
Apache BookKeeper :: Server,org.apache.bookkeeper.replication,Auditor.new AsyncCallback.VoidCallback() {...},20,0,0,0,4,0,2,0,2,0
Apache BookKeeper :: Server,org.apache.bookkeeper.replication,BookieLedgerIndexer,101,0,6,0,26,0,7,0,4,0
Apache BookKeeper :: Server,org.apache.bookkeeper.replication,AuditorElector.ElectionComparator,31,0,4,0,6,0,4,0,2,0
Apache BookKeeper :: Server,org.apache.bookkeeper.replication,ReplicationWorker.CheckerCallback,25,0,0,0,8,0,3,0,3,0
Apache BookKeeper :: Server,org.apache.bookkeeper.replication,ReplicationException.UnavailableException,9,0,0,0,4,0,2,0,2,0
Apache BookKeeper :: Server,org.apache.bookkeeper.replication,ReplicationException,9,0,0,0,4,0,2,0,2,0
Apache BookKeeper :: Server,org.apache.bookkeeper.replication,BookieLedgerIndexer.1.new BookkeeperInternalCallbacks.GenericCallback() {...},84,0,8,0,16,0,6,0,2,0
Apache BookKeeper :: Server,org.apache.bookkeeper.replication,AutoRecoveryMain,422,0,18,0,125,0,24,0,15,0
Apache BookKeeper :: Server,org.apache.bookkeeper.replication,ReplicationException.BKAuditException,9,0,0,0,4,0,2,0,2,0
Apache BookKeeper :: Server,org.apache.bookkeeper.replication,BookieLedgerIndexer.new AsyncCallback.VoidCallback() {...},22,0,0,0,4,0,2,0,2,0
Apache BookKeeper :: Server,org.apache.bookkeeper.replication,BookieLedgerIndexer.new BookkeeperInternalCallbacks.Processor() {...},24,0,0,0,4,0,2,0,2,0
Apache BookKeeper :: Server,org.apache.bookkeeper.replication,Auditor.LostBookieRecoveryDelayChangedCb,22,0,0,0,8,0,2,0,2,0
Apache BookKeeper :: Server,org.apache.bookkeeper.replication,Auditor.3.new Runnable() {...},23,0,0,0,5,0,2,0,2,0
Apache BookKeeper :: Server,org.apache.bookkeeper.replication,AuditorElector.new ThreadFactory() {...},23,0,0,0,2,0,2,0,2,0
Apache BookKeeper :: Server,org.apache.bookkeeper.replication,AuditorElector.new Runnable() {...},60,0,4,0,12,0,4,0,2,0
Apache BookKeeper :: Server,org.apache.bookkeeper.replication,AuditorElector.new Runnable() {...},170,0,8,0,36,0,6,0,2,0
Apache BookKeeper :: Server,org.apache.bookkeeper.replication,AuditorElector.ElectionWatcher,25,0,4,0,7,0,4,0,2,0
Apache BookKeeper :: Server,org.apache.bookkeeper.replication,ReplicationWorker.new TimerTask() {...},109,0,10,0,33,0,7,0,2,0
Apache BookKeeper :: Server,org.apache.bookkeeper.replication,AutoRecoveryMain.AutoRecoveryDeathWatcher,44,0,4,0,14,0,4,0,2,0
Apache BookKeeper :: Server,org.apache.bookkeeper.replication,ReplicationWorker,532,0,34,0,166,0,32,0,15,0
Apache BookKeeper :: Server,org.apache.bookkeeper.client.api,Handle,9,0,0,0,3,0,1,0,1,0
Apache BookKeeper :: Server,org.apache.bookkeeper.client.api,WriteAdvHandle,20,0,0,0,3,0,3,0,3,0
Apache BookKeeper :: Server,org.apache.bookkeeper.client.api,BKException,67,12,32,1,33,5,33,2,1,2
Apache BookKeeper :: Server,org.apache.bookkeeper.client.api,BookKeeper,5,0,0,0,1,0,1,0,1,0
Apache BookKeeper :: Server,org.apache.bookkeeper.client.api,DigestType,24,0,0,0,3,0,1,0,1,0
Apache BookKeeper :: Server,org.apache.bookkeeper.client.api,WriteHandle,17,0,0,0,3,0,3,0,3,0
Apache BookKeeper :: Server,org.apache.bookkeeper.server,Main,593,0,36,0,147,0,27,0,9,0
Apache BookKeeper :: Server,org.apache.bookkeeper.meta,LedgerLayout,151,159,14,6,25,38,15,10,5,10
Apache BookKeeper :: Server,org.apache.bookkeeper.meta,AbstractHierarchicalLedgerManager.1.new AsyncCallback.ChildrenCallback() {...},63,0,2,0,9,0,3,0,2,0
Apache BookKeeper :: Server,org.apache.bookkeeper.meta,MSLedgerManagerFactory.MsLedgerManager.ReadLedgerMetadataTask,127,0,18,0,26,0,12,0,3,0
Apache BookKeeper :: Server,org.apache.bookkeeper.meta,LongZkLedgerIdGenerator,400,0,32,0,100,0,34,0,17,0
Apache BookKeeper :: Server,org.apache.bookkeeper.meta,LegacyHierarchicalLedgerManager.2.new BookkeeperInternalCallbacks.Processor() {...},47,0,0,0,4,0,2,0,2,0
Apache BookKeeper :: Server,org.apache.bookkeeper.meta,MSLedgerManagerFactory.MsLedgerManager.new MetastoreCallback() {...},55,0,6,0,12,0,5,0,2,0
Apache BookKeeper :: Server,org.apache.bookkeeper.meta,MSLedgerManagerFactory.MsLedgerManager.new MetastoreCallback() {...},61,0,4,0,9,0,4,0,2,0
Apache BookKeeper :: Server,org.apache.bookkeeper.meta,MSLedgerManagerFactory.MsLedgerManager.new MetastoreCallback() {...},78,0,6,0,15,0,5,0,2,0
Apache BookKeeper :: Server,org.apache.bookkeeper.meta,MSLedgerManagerFactory.MsLedgerManager.new MetastoreCallback() {...},125,0,4,0,20,0,4,0,2,0
Apache BookKeeper :: Server,org.apache.bookkeeper.meta,MSLedgerManagerFactory.MsLedgerManager.new MetastoreCallback() {...},41,0,4,0,9,0,4,0,2,0
Apache BookKeeper :: Server,org.apache.bookkeeper.meta,MSLedgerManagerFactory.MsLedgerManager.new MetastoreCursor.ReadEntriesCallback() {...},117,0,6,0,20,0,5,0,2,0
Apache BookKeeper :: Server,org.apache.bookkeeper.meta,MSLedgerManagerFactory.MsLedgerManager.new Runnable() {...},40,0,0,0,3,0,2,0,2,0
Apache BookKeeper :: Server,org.apache.bookkeeper.meta,LedgerManagerFactory,230,111,30,12,43,34,21,5,1,4
Apache BookKeeper :: Server,org.apache.bookkeeper.meta,LegacyHierarchicalLedgerManager.new ThreadLocal() {...},7,0,0,0,2,0,2,0,2,0
Apache BookKeeper :: Server,org.apache.bookkeeper.meta,LegacyHierarchicalLedgerManager.new BookkeeperInternalCallbacks.Processor() {...},59,0,2,0,7,0,3,0,2,0
Apache BookKeeper :: Server,org.apache.bookkeeper.meta,CleanupLedgerManager,163,107,14,4,42,27,16,6,7,6
Apache BookKeeper :: Server,org.apache.bookkeeper.meta,MSLedgerManagerFactory.MsLedgerManager.MSLedgerRangeIterator.new MetastoreCallback() {...},28,0,2,0,6,0,3,0,2,0
Apache BookKeeper :: Server,org.apache.bookkeeper.meta,FlatLedgerManager.new LedgerManager.LedgerRangeIterator() {...},4,74,2,8,1,19,2,7,0,4
Apache BookKeeper :: Server,org.apache.bookkeeper.meta,FlatLedgerManager,21,64,4,0,3,15,4,5,2,5
Apache BookKeeper :: Server,org.apache.bookkeeper.meta,ZkLedgerIdGenerator.new AsyncCallback.StringCallback() {...},37,48,3,3,9,8,3,2,0,2
Apache BookKeeper :: Server,org.apache.bookkeeper.meta,ZkLedgerIdGenerator.1.new AsyncCallback.VoidCallback() {...},13,17,2,2,3,4,2,2,0,2
Apache BookKeeper :: Server,org.apache.bookkeeper.meta,HierarchicalLedgerManager.HierarchicalLedgerRangeIterator,33,0,6,0,8,0,6,0,3,0
Apache BookKeeper :: Server,org.apache.bookkeeper.meta,HierarchicalLedgerManager,93,0,2,0,15,0,7,0,6,0
Apache BookKeeper :: Server,org.apache.bookkeeper.meta,AbstractZkLedgerManager.new AsyncCallback.VoidCallback() {...},73,0,10,0,18,0,7,0,2,0
Apache BookKeeper :: Server,org.apache.bookkeeper.meta,AbstractZkLedgerManager.new AsyncCallback.StringCallback() {...},31,33,3,1,6,5,2,2,0,2
Apache BookKeeper :: Server,org.apache.bookkeeper.meta,AbstractZkLedgerManager.new BookkeeperInternalCallbacks.GenericCallback() {...},94,0,8,0,15,0,6,0,2,0
Apache BookKeeper :: Server,org.apache.bookkeeper.meta,AbstractZkLedgerManager.new AsyncCallback.StatCallback() {...},16,39,2,2,3,6,2,2,0,2
Apache BookKeeper :: Server,org.apache.bookkeeper.meta,AbstractZkLedgerManager.new AsyncCallback.DataCallback() {...},125,0,8,0,24,0,6,0,2,0
Apache BookKeeper :: Server,org.apache.bookkeeper.meta,AbstractHierarchicalLedgerManager.AsyncListProcessor,47,0,4,0,12,0,4,0,2,0
Apache BookKeeper :: Server,org.apache.bookkeeper.meta,FlatLedgerManagerFactory,66,40,5,1,13,10,5,6,2,6
Apache BookKeeper :: Server,org.apache.bookkeeper.meta,MSLedgerManagerFactory.MsLedgerManager.ReadLedgerMetadataTask.new Runnable() {...},40,0,2,0,7,0,3,0,2,0
Apache BookKeeper :: Server,org.apache.bookkeeper.meta,LongHierarchicalLedgerManager.LongHierarchicalLedgerRangeIterator,481,0,48,0,108,0,32,0,8,0
Apache BookKeeper :: Server,org.apache.bookkeeper.meta,LedgerManager.LedgerRange,5,21,0,0,1,6,1,4,1,4
Apache BookKeeper :: Server,org.apache.bookkeeper.meta,MSLedgerManagerFactory.AsyncSetProcessor.1.new Runnable() {...},21,0,0,0,3,0,2,0,2,0
Apache BookKeeper :: Server,org.apache.bookkeeper.meta,CleanupLedgerManager.CleanupGenericCallback,0,39,2,2,0,9,2,2,0,2
Apache BookKeeper :: Server,org.apache.bookkeeper.meta,MSLedgerManagerFactory.MsLedgerManager.MSLedgerRangeIterator,95,0,4,0,23,0,5,0,3,0
Apache BookKeeper :: Server,org.apache.bookkeeper.meta,MSLedgerManagerFactory.SyncResult,33,0,2,0,14,0,6,0,5,0
Apache BookKeeper :: Server,org.apache.bookkeeper.meta,HierarchicalLedgerManagerFactory,30,0,0,0,4,0,2,0,2,0
Apache BookKeeper :: Server,org.apache.bookkeeper.meta,ZkLedgerUnderreplicationManager,1469,0,78,0,349,0,71,0,32,0
Apache BookKeeper :: Server,org.apache.bookkeeper.meta,ZkLedgerIdGenerator,17,77,1,1,3,19,1,7,0,7
Apache BookKeeper :: Server,org.apache.bookkeeper.meta,LongZkLedgerIdGenerator.new BookkeeperInternalCallbacks.GenericCallback() {...},116,0,14,0,19,0,10,0,3,0
Apache BookKeeper :: Server,org.apache.bookkeeper.meta,LongZkLedgerIdGenerator.new BookkeeperInternalCallbacks.GenericCallback() {...},27,0,2,0,5,0,3,0,2,0
Apache BookKeeper :: Server,org.apache.bookkeeper.meta,LongZkLedgerIdGenerator.new AsyncCallback.StringCallback() {...},64,0,0,0,17,0,2,0,2,0
Apache BookKeeper :: Server,org.apache.bookkeeper.meta,CleanupLedgerManager.ClosedLedgerRangeIterator,10,0,0,0,2,0,2,0,2,0
Apache BookKeeper :: Server,org.apache.bookkeeper.meta,MSLedgerManagerFactory.MsLedgerManager.7.new AsyncCallback.VoidCallback() {...},70,0,2,0,8,0,3,0,2,0
Apache BookKeeper :: Server,org.apache.bookkeeper.meta,LegacyHierarchicalLedgerManagerFactory,100,0,6,0,21,0,11,0,8,0
Apache BookKeeper :: Server,org.apache.bookkeeper.meta,AbstractHierarchicalLedgerManager.new AsyncCallback.VoidCallback() {...},62,0,2,0,8,0,3,0,2,0
Apache BookKeeper :: Server,org.apache.bookkeeper.meta,MSLedgerManagerFactory.MsLedgerManager,407,0,23,0,89,0,25,0,13,0
Apache BookKeeper :: Server,org.apache.bookkeeper.meta,ZkLedgerUnderreplicationManager.Lock,15,0,0,0,6,0,3,0,3,0
Apache BookKeeper :: Server,org.apache.bookkeeper.meta,LegacyHierarchicalLedgerManager.HierarchicalLedgerRangeIterator,285,0,32,0,66,0,22,0,6,0
Apache BookKeeper :: Server,org.apache.bookkeeper.meta,LongHierarchicalLedgerManagerFactory,11,0,0,0,2,0,2,0,2,0
Apache BookKeeper :: Server,org.apache.bookkeeper.meta,MSLedgerManagerFactory.AsyncSetProcessor,39,0,4,0,11,0,4,0,2,0
Apache BookKeeper :: Server,org.apache.bookkeeper.meta,AbstractZkLedgerManager.ReadLedgerMetadataTask,129,0,18,0,26,0,12,0,3,0
Apache BookKeeper :: Server,org.apache.bookkeeper.meta,CleanupLedgerManager.new BookkeeperInternalCallbacks.GenericCallback() {...},24,0,0,0,3,0,2,0,2,0
Apache BookKeeper :: Server,org.apache.bookkeeper.meta,CleanupLedgerManager.new AsyncCallback.VoidCallback() {...},26,0,2,0,4,0,3,0,2,0
Apache BookKeeper :: Server,org.apache.bookkeeper.meta,LongHierarchicalLedgerManager.RecursiveProcessor,98,0,6,0,16,0,5,0,2,0
Apache BookKeeper :: Server,org.apache.bookkeeper.meta,HierarchicalLedgerManager.new AsyncCallback.VoidCallback() {...},47,0,2,0,5,0,3,0,2,0
Apache BookKeeper :: Server,org.apache.bookkeeper.meta,LongHierarchicalLedgerManager,136,0,6,0,14,0,12,0,9,0
Apache BookKeeper :: Server,org.apache.bookkeeper.meta,AbstractHierarchicalLedgerManager,130,0,18,0,28,0,14,0,5,0
Apache BookKeeper :: Server,org.apache.bookkeeper.meta,AbstractZkLedgerManager.ReadLedgerMetadataTask.new Runnable() {...},40,0,2,0,7,0,3,0,2,0
Apache BookKeeper :: Server,org.apache.bookkeeper.meta,AbstractZkLedgerManager,330,176,46,15,82,44,33,12,7,7
Apache BookKeeper :: Server,org.apache.bookkeeper.meta,AbstractHierarchicalLedgerManager.AsyncListProcessor.new AsyncCallback.VoidCallback() {...},79,0,4,0,12,0,4,0,2,0
Apache BookKeeper :: Server,org.apache.bookkeeper.meta,MSLedgerManagerFactory.AsyncSetProcessor.new AsyncCallback.VoidCallback() {...},68,0,4,0,11,0,4,0,2,0
Apache BookKeeper :: Server,org.apache.bookkeeper.meta,LongZkLedgerIdGenerator.HighOrderLedgerIdGenPathStatus,34,0,0,0,4,0,1,0,1,0
Apache BookKeeper :: Server,org.apache.bookkeeper.meta,MSLedgerManagerFactory,219,0,12,0,49,0,19,0,13,0
Apache BookKeeper :: Server,org.apache.bookkeeper.meta,ZkLedgerUnderreplicationManager.new SubTreeCache.TreeProvider() {...},15,0,0,0,2,0,2,0,2,0
Apache BookKeeper :: Server,org.apache.bookkeeper.meta,ZkLedgerUnderreplicationManager.new Iterator() {...},149,0,22,0,30,0,16,0,5,0
Apache BookKeeper :: Server,org.apache.bookkeeper.meta,ZkLedgerUnderreplicationManager.new Watcher() {...},33,0,10,0,8,0,7,0,2,0
Apache BookKeeper :: Server,org.apache.bookkeeper.meta,ZkLedgerUnderreplicationManager.new Watcher() {...},19,0,2,0,4,0,3,0,2,0
Apache BookKeeper :: Server,org.apache.bookkeeper.meta,ZkLedgerUnderreplicationManager.new Watcher() {...},19,0,2,0,4,0,3,0,2,0
Apache BookKeeper :: Server,org.apache.bookkeeper.meta,AbstractHierarchicalLedgerManager.AsyncListProcessor.1.new Runnable() {...},21,0,0,0,3,0,2,0,2,0
Apache BookKeeper :: Server,org.apache.bookkeeper.meta,LegacyHierarchicalLedgerManager,124,0,8,0,15,0,13,0,9,0
Apache BookKeeper :: Server,org.apache.bookkeeper.server.component,ServerLifecycleComponent,79,0,2,0,13,0,5,0,4,0
Apache BookKeeper :: Server,org.apache.bookkeeper.server.conf,BookieConfiguration,11,0,0,0,4,0,2,0,2,0
Apache BookKeeper :: Server,org.apache.bookkeeper.bookie,BookieException.UnknownBookieIdException,9,0,0,0,4,0,2,0,2,0
Apache BookKeeper :: Server,org.apache.bookkeeper.bookie,TransactionalEntryLogCompactor.UpdateIndexPhase.new EntryLogger.EntryLogScanner() {...},87,0,4,0,12,0,5,0,3,0
Apache BookKeeper :: Server,org.apache.bookkeeper.bookie,BookieShell.SimpleTestCmd,162,0,4,0,31,0,7,0,5,0
Apache BookKeeper :: Server,org.apache.bookkeeper.bookie,BookieException.MetadataStoreException,20,0,0,0,8,0,4,0,4,0
Apache BookKeeper :: Server,org.apache.bookkeeper.bookie,EntryLogger.new EntryLogger.EntryLogScanner() {...},21,0,0,0,4,0,3,0,3,0
Apache BookKeeper :: Server,org.apache.bookkeeper.bookie,EntryLogger.new LedgerDirsManager.LedgerDirsListener() {...},37,6,8,0,11,1,11,1,7,1
Apache BookKeeper :: Server,org.apache.bookkeeper.bookie,EntryLogger.new FileFilter() {...},0,11,0,0,0,2,0,2,0,2
Apache BookKeeper :: Server,org.apache.bookkeeper.bookie,EntryLogger.new ThreadLocal() {...},8,6,0,0,3,1,1,1,1,1
Apache BookKeeper :: Server,org.apache.bookkeeper.bookie,Journal.LastLogMark,66,140,5,5,14,33,4,8,1,6
Apache BookKeeper :: Server,org.apache.bookkeeper.bookie,SkipListArena.MemorySlice,18,15,0,0,1,6,1,3,1,3
Apache BookKeeper :: Server,org.apache.bookkeeper.bookie,FileSystemUpgrade.new FilenameFilter() {...},83,0,20,0,21,0,13,0,3,0
Apache BookKeeper :: Server,org.apache.bookkeeper.bookie,FileSystemUpgrade.new FilenameFilter() {...},19,0,4,0,3,0,4,0,2,0
Apache BookKeeper :: Server,org.apache.bookkeeper.bookie,EntryLocation,21,0,0,0,8,0,4,0,4,0
Apache BookKeeper :: Server,org.apache.bookkeeper.bookie,BookieThread,20,11,0,0,7,5,3,2,3,2
Apache BookKeeper :: Server,org.apache.bookkeeper.bookie,IndexInMemPageMgr.new Gauge() {...},8,6,0,0,2,1,2,1,2,1
Apache BookKeeper :: Server,org.apache.bookkeeper.bookie,EntryMemTable.EntrySkipList,18,35,5,3,2,8,6,4,2,4
Apache BookKeeper :: Server,org.apache.bookkeeper.bookie,EntryLogCompactor.CompactionScannerFactory,31,11,4,0,9,2,4,1,2,1
Apache BookKeeper :: Server,org.apache.bookkeeper.bookie,IndexPersistenceMgr,631,709,88,46,133,168,67,32,10,22
Apache BookKeeper :: Server,org.apache.bookkeeper.bookie,BookieShell.WhoIsAuditorCmd,82,0,4,0,23,0,7,0,5,0
Apache BookKeeper :: Server,org.apache.bookkeeper.bookie,BookieShell.BookieSanityTestCmd,243,0,10,0,47,0,10,0,5,0
Apache BookKeeper :: Server,org.apache.bookkeeper.bookie,EntryLogCompactor.CompactionScannerFactory.new EntryLogger.EntryLogScanner() {...},62,0,2,0,11,0,4,0,3,0
Apache BookKeeper :: Server,org.apache.bookkeeper.bookie,AbstractLogCompactor,0,18,0,0,0,6,0,2,0,2
Apache BookKeeper :: Server,org.apache.bookkeeper.bookie,LedgerDirsMonitor,205,131,14,6,47,43,8,9,0,7
Apache BookKeeper :: Server,org.apache.bookkeeper.bookie,Journal.QueueEntry,9,48,1,1,1,12,1,2,0,2
Apache BookKeeper :: Server,org.apache.bookkeeper.bookie,BookieShell.FilesTimeComparator,51,0,2,0,14,0,2,0,1,0
Apache BookKeeper :: Server,org.apache.bookkeeper.bookie,IndexPersistenceMgr.new Gauge() {...},9,6,0,0,2,1,2,1,2,1
Apache BookKeeper :: Server,org.apache.bookkeeper.bookie,IndexPersistenceMgr.new Gauge() {...},9,6,0,0,2,1,2,1,2,1
Apache BookKeeper :: Server,org.apache.bookkeeper.bookie,IndexPersistenceMgr.new Comparator() {...},7,6,0,0,1,1,1,1,1,1
Apache BookKeeper :: Server,org.apache.bookkeeper.bookie,IndexPersistenceMgr.new LedgerDirsManager.LedgerDirsListener() {...},7,6,0,0,7,1,7,1,7,1
Apache BookKeeper :: Server,org.apache.bookkeeper.bookie,BookieShell.BookieInfoCmd,218,0,10,0,38,0,11,0,6,0
Apache BookKeeper :: Server,org.apache.bookkeeper.bookie,BookieException.InvalidCookieException,14,0,0,0,6,0,3,0,3,0
Apache BookKeeper :: Server,org.apache.bookkeeper.bookie,LocalBookieEnsemblePlacementPolicy,60,0,2,0,19,0,11,0,10,0
Apache BookKeeper :: Server,org.apache.bookkeeper.bookie,EntryLogCompactor,40,27,0,0,13,7,1,2,1,2
Apache BookKeeper :: Server,org.apache.bookkeeper.bookie,BookieShell.ReadLogCmd,192,0,14,0,45,0,12,0,5,0
Apache BookKeeper :: Server,org.apache.bookkeeper.bookie,Bookie.NoLedgerException,19,0,0,0,4,0,2,0,2,0
Apache BookKeeper :: Server,org.apache.bookkeeper.bookie,BookieShell.AutoRecoveryCmd,134,0,18,0,37,0,14,0,5,0
Apache BookKeeper :: Server,org.apache.bookkeeper.bookie,BookieException.BookieUnauthorizedAccessException,4,0,0,0,2,0,1,0,1,0
Apache BookKeeper :: Server,org.apache.bookkeeper.bookie,BookieShell.TriggerAuditCmd,40,0,2,0,13,0,6,0,5,0
Apache BookKeeper :: Server,org.apache.bookkeeper.bookie,LogMark,67,45,6,0,14,15,7,7,4,7
Apache BookKeeper :: Server,org.apache.bookkeeper.bookie,ShortReadException,5,4,0,0,2,2,1,1,1,1
Apache BookKeeper :: Server,org.apache.bookkeeper.bookie,EntryLogger,1601,459,132,28,344,121,107,22,30,19
Apache BookKeeper :: Server,org.apache.bookkeeper.bookie,Cookie,473,193,39,5,94,46,36,10,15,9
Apache BookKeeper :: Server,org.apache.bookkeeper.bookie,ScanAndCompareGarbageCollector,143,162,16,16,36,41,14,6,1,3
Apache BookKeeper :: Server,org.apache.bookkeeper.bookie,LedgerDirsManager.NoWritableLedgerDirException,4,0,0,0,2,0,1,0,1,0
Apache BookKeeper :: Server,org.apache.bookkeeper.bookie,BufferedChannelBase,16,9,2,0,4,4,3,2,2,2
Apache BookKeeper :: Server,org.apache.bookkeeper.bookie,KeyComparator,0,33,1,5,0,5,1,4,0,2
Apache BookKeeper :: Server,org.apache.bookkeeper.bookie,InterleavedLedgerStorage,258,235,17,9,67,69,24,18,12,17
Apache BookKeeper :: Server,org.apache.bookkeeper.bookie,ReadOnlyBookie,38,0,2,0,13,0,5,0,4,0
Apache BookKeeper :: Server,org.apache.bookkeeper.bookie,CheckpointSourceList,2,34,3,3,1,10,3,3,0,3
Apache BookKeeper :: Server,org.apache.bookkeeper.bookie,ReadOnlyEntryLogger,30,0,0,0,7,0,5,0,5,0
Apache BookKeeper :: Server,org.apache.bookkeeper.bookie,LedgerEntryPage,327,234,36,16,58,62,35,21,10,20
Apache BookKeeper :: Server,org.apache.bookkeeper.bookie,BookieShell.ListDiskFilesCmd,192,0,28,0,40,0,19,0,5,0
Apache BookKeeper :: Server,org.apache.bookkeeper.bookie,TransactionalEntryLogCompactor.UpdateIndexPhase,153,0,14,0,35,0,13,0,6,0
Apache BookKeeper :: Server,org.apache.bookkeeper.bookie,BookieShell.MyCommand,57,0,0,0,14,0,3,0,3,0
Apache BookKeeper :: Server,org.apache.bookkeeper.bookie,SyncThread,158,106,9,3,63,32,12,6,6,6
Apache BookKeeper :: Server,org.apache.bookkeeper.bookie,IndexInMemPageMgr.InMemPageCollection,277,203,53,17,72,51,34,16,4,11
Apache BookKeeper :: Server,org.apache.bookkeeper.bookie,SkipListArena.Chunk,62,78,13,9,11,19,12,4,1,4
Apache BookKeeper :: Server,org.apache.bookkeeper.bookie,SortedLedgerStorage.new Runnable() {...},59,0,4,0,13,0,4,0,2,0
Apache BookKeeper :: Server,org.apache.bookkeeper.bookie,EntryLogger.Header,12,0,0,0,5,0,1,0,1,0
Apache BookKeeper :: Server,org.apache.bookkeeper.bookie,BufferedReadChannel,132,25,12,0,29,8,8,1,2,1
Apache BookKeeper :: Server,org.apache.bookkeeper.bookie,Checkpointer,4,0,0,0,2,0,2,0,2,0
Apache BookKeeper :: Server,org.apache.bookkeeper.bookie,EntryLogger.EntryLoggerAllocator,80,165,7,9,18,35,8,7,2,5
Apache BookKeeper :: Server,org.apache.bookkeeper.bookie,BookieShell.RecoverCmd,539,0,38,0,112,0,31,0,12,0
Apache BookKeeper :: Server,org.apache.bookkeeper.bookie,LedgerDescriptorImpl,158,67,12,2,31,17,14,8,7,8
Apache BookKeeper :: Server,org.apache.bookkeeper.bookie,CheckpointSource.Checkpoint.new CheckpointSource.Checkpoint() {...},9,8,3,1,2,3,3,2,1,2
Apache BookKeeper :: Server,org.apache.bookkeeper.bookie,CheckpointSource.Checkpoint.new CheckpointSource.Checkpoint() {...},14,3,4,0,4,1,4,1,2,1
Apache BookKeeper :: Server,org.apache.bookkeeper.bookie,BookieException.LedgerFencedException,4,0,0,0,2,0,1,0,1,0
Apache BookKeeper :: Server,org.apache.bookkeeper.bookie,BookieStatus,317,21,30,0,85,7,25,3,10,3
Apache BookKeeper :: Server,org.apache.bookkeeper.bookie,TransactionalEntryLogCompactor.ScanEntryLogPhase,58,0,2,0,16,0,5,0,4,0
Apache BookKeeper :: Server,org.apache.bookkeeper.bookie,Bookie.FutureWriteCallback,48,0,4,0,8,0,5,0,3,0
Apache BookKeeper :: Server,org.apache.bookkeeper.bookie,Journal.ForceWriteThread,15,114,5,13,5,37,5,7,0,3
Apache BookKeeper :: Server,org.apache.bookkeeper.bookie,BookieShell,1500,0,72,0,262,0,65,0,29,0
Apache BookKeeper :: Server,org.apache.bookkeeper.bookie,BookieShell.BookieFormatCmd,108,0,6,0,23,0,9,0,6,0
Apache BookKeeper :: Server,org.apache.bookkeeper.bookie,EntryLogger.RecyclableByteBuffer,0,28,0,0,0,9,0,4,0,4
Apache BookKeeper :: Server,org.apache.bookkeeper.bookie,BookieShell.LastMarkCmd,21,0,0,0,8,0,5,0,5,0
Apache BookKeeper :: Server,org.apache.bookkeeper.bookie,BookieShell.UpdateCookieCmd,397,0,40,0,80,0,28,0,8,0
Apache BookKeeper :: Server,org.apache.bookkeeper.bookie,BookieShell.LedgerCmd,84,0,6,0,26,0,8,0,5,0
Apache BookKeeper :: Server,org.apache.bookkeeper.bookie,EntryLogger.RecyclableByteBuffer.new Recycler() {...},0,8,0,0,0,2,0,2,0,2
Apache BookKeeper :: Server,org.apache.bookkeeper.bookie,JournalChannel,257,187,25,9,51,46,22,7,5,7
Apache BookKeeper :: Server,org.apache.bookkeeper.bookie,Journal.new Journal.JournalIdFilter() {...},10,9,2,0,3,1,2,1,1,1
Apache BookKeeper :: Server,org.apache.bookkeeper.bookie,CheckpointSourceList.CheckpointList,69,73,13,5,15,13,8,6,1,4
Apache BookKeeper :: Server,org.apache.bookkeeper.bookie,LedgerDirsManager.new Gauge() {...},9,6,0,0,2,1,2,1,2,1
Apache BookKeeper :: Server,org.apache.bookkeeper.bookie,BookieException.BookieIllegalOpException,14,0,0,0,6,0,3,0,3,0
Apache BookKeeper :: Server,org.apache.bookkeeper.bookie,BookieShell.HelpCmd,60,0,4,0,18,0,7,0,5,0
Apache BookKeeper :: Server,org.apache.bookkeeper.bookie,GarbageCollectorThread,494,373,67,29,108,76,62,11,14,11
Apache BookKeeper :: Server,org.apache.bookkeeper.bookie,IndexInMemPageMgr,119,379,23,31,34,86,27,16,6,10
Apache BookKeeper :: Server,org.apache.bookkeeper.bookie,BookieShell.UpdateLedgerCmd.new BookieShell.UpdateLedgerNotifier() {...},38,0,4,0,8,0,4,0,2,0
Apache BookKeeper :: Server,org.apache.bookkeeper.bookie,Journal.JournalRollingFilter,17,0,2,0,6,0,3,0,2,0
Apache BookKeeper :: Server,org.apache.bookkeeper.bookie,EntryMemTable,246,423,45,31,58,100,40,17,7,12
Apache BookKeeper :: Server,org.apache.bookkeeper.bookie,InterleavedLedgerStorage.new LedgerDirsManager.LedgerDirsListener() {...},89,6,10,0,25,1,12,1,7,1
Apache BookKeeper :: Server,org.apache.bookkeeper.bookie,LedgerDirsManager.new Gauge() {...},15,9,0,0,2,1,2,1,2,1
Apache BookKeeper :: Server,org.apache.bookkeeper.bookie,TransactionalEntryLogCompactor.FlushCompactionLogPhase,95,0,18,0,24,0,13,0,4,0
Apache BookKeeper :: Server,org.apache.bookkeeper.bookie,ExitCode,3,0,0,0,1,0,1,0,1,0
Apache BookKeeper :: Server,org.apache.bookkeeper.bookie,LastAddConfirmedUpdateNotification,0,9,0,0,0,4,0,1,0,1
Apache BookKeeper :: Server,org.apache.bookkeeper.bookie,BookieShell.LostBookieRecoveryDelayCmd,101,0,12,0,28,0,11,0,5,0
Apache BookKeeper :: Server,org.apache.bookkeeper.bookie,LedgerCacheImpl,75,92,2,0,19,20,12,11,11,11
Apache BookKeeper :: Server,org.apache.bookkeeper.bookie,LedgerDescriptor,19,26,1,1,5,6,2,3,1,3
Apache BookKeeper :: Server,org.apache.bookkeeper.bookie,EntryMemTable.EntrySkipList.new EntryMemTable.EntrySkipList() {...},0,6,0,0,0,2,0,2,0,2
Apache BookKeeper :: Server,org.apache.bookkeeper.bookie,BookieShell.UpdateLedgerCmd,240,0,26,0,58,0,18,0,5,0
Apache BookKeeper :: Server,org.apache.bookkeeper.bookie,HandleFactoryImpl,11,65,0,4,3,17,1,5,1,3
Apache BookKeeper :: Server,org.apache.bookkeeper.bookie,AbstractLogCompactor.Throttler,15,16,3,1,2,5,3,1,1,1
Apache BookKeeper :: Server,org.apache.bookkeeper.bookie,BookieShell.ListBookiesCmd,156,0,18,0,40,0,14,0,5,0
Apache BookKeeper :: Server,org.apache.bookkeeper.bookie,FileInfo,654,413,78,38,130,112,56,31,10,19
Apache BookKeeper :: Server,org.apache.bookkeeper.bookie,BookieShell.ReadJournalCmd,175,0,16,0,48,0,13,0,5,0
Apache BookKeeper :: Server,org.apache.bookkeeper.bookie,Bookie.NoEntryException,6,27,0,0,2,6,2,2,2,2
Apache BookKeeper :: Server,org.apache.bookkeeper.bookie,BookieException.UpgradeException,14,0,0,0,6,0,3,0,3,0
Apache BookKeeper :: Server,org.apache.bookkeeper.bookie,CheckpointSource.Checkpoint,0,9,0,0,0,2,0,1,0,1
Apache BookKeeper :: Server,org.apache.bookkeeper.bookie,TransactionalEntryLogCompactor.CompactionPhase,25,0,0,0,10,0,2,0,2,0
Apache BookKeeper :: Server,org.apache.bookkeeper.bookie,BookieShell.ListUnderreplicatedCmd,134,0,18,0,32,0,17,0,8,0
Apache BookKeeper :: Server,org.apache.bookkeeper.bookie,LedgerStorageFactory,17,5,0,0,3,1,1,1,1,1
Apache BookKeeper :: Server,org.apache.bookkeeper.bookie,BookieShell.ReadLedgerEntriesCmd,131,0,10,0,39,0,10,0,5,0
Apache BookKeeper :: Server,org.apache.bookkeeper.bookie,Bookie.new FilenameFilter() {...},18,6,6,0,3,1,4,1,1,1
Apache BookKeeper :: Server,org.apache.bookkeeper.bookie,BookieShell.new EntryLogger.EntryLogScanner() {...},19,0,0,0,4,0,3,0,3,0
Apache BookKeeper :: Server,org.apache.bookkeeper.bookie,Bookie.new Gauge() {...},27,6,6,0,6,1,5,1,2,1
Apache BookKeeper :: Server,org.apache.bookkeeper.bookie,BookieShell.new EntryLogger.EntryLogScanner() {...},63,0,10,0,9,0,8,0,3,0
Apache BookKeeper :: Server,org.apache.bookkeeper.bookie,BookieShell.new EntryLogger.EntryLogScanner() {...},90,0,14,0,12,0,10,0,3,0
Apache BookKeeper :: Server,org.apache.bookkeeper.bookie,BookieShell.new Journal.JournalScanner() {...},36,0,2,0,7,0,3,0,2,0
Apache BookKeeper :: Server,org.apache.bookkeeper.bookie,ReadOnlyFileInfo,8,0,0,0,3,0,1,0,1,0
Apache BookKeeper :: Server,org.apache.bookkeeper.bookie,SkipListArena,24,81,8,10,6,20,9,5,1,4
Apache BookKeeper :: Server,org.apache.bookkeeper.bookie,Journal.ForceWriteRequest,14,86,3,5,6,23,3,4,0,3
Apache BookKeeper :: Server,org.apache.bookkeeper.bookie,BookieStatus.BookieMode,0,24,0,0,0,3,0,1,0,1
Apache BookKeeper :: Server,org.apache.bookkeeper.bookie,Bookie.CounterCallback,29,0,4,0,10,0,6,0,4,0
Apache BookKeeper :: Server,org.apache.bookkeeper.bookie,EntryLogger.BufferedLogChannel,4,30,0,0,1,9,1,4,1,4
Apache BookKeeper :: Server,org.apache.bookkeeper.bookie,BookieShell.DeleteLedgerCmd,118,0,10,0,33,0,10,0,5,0
Apache BookKeeper :: Server,org.apache.bookkeeper.bookie,Bookie.new Callable() {...},14,16,2,0,5,4,1,2,0,2
Apache BookKeeper :: Server,org.apache.bookkeeper.bookie,Bookie.new Callable() {...},11,0,0,0,3,0,2,0,2,0
Apache BookKeeper :: Server,org.apache.bookkeeper.bookie,Bookie.new Journal.JournalScanner() {...},150,6,16,0,34,1,9,1,1,1
Apache BookKeeper :: Server,org.apache.bookkeeper.bookie,Bookie.new LedgerDirsManager.LedgerDirsListener() {...},30,6,0,0,13,1,7,1,7,1
Apache BookKeeper :: Server,org.apache.bookkeeper.bookie,Bookie.new Callable() {...},12,0,0,0,3,0,2,0,2,0
Apache BookKeeper :: Server,org.apache.bookkeeper.bookie,TransactionalEntryLogCompactor.ScanEntryLogPhase.new EntryLogger.EntryLogScanner() {...},126,0,6,0,18,0,6,0,3,0
Apache BookKeeper :: Server,org.apache.bookkeeper.bookie,Bookie.new BookieThread() {...},17,0,0,0,3,0,2,0,2,0
Apache BookKeeper :: Server,org.apache.bookkeeper.bookie,Journal,496,778,87,49,111,185,64,21,6,11
Apache BookKeeper :: Server,org.apache.bookkeeper.bookie,BookieCriticalThread,15,8,0,0,6,4,2,2,2,2
Apache BookKeeper :: Server,org.apache.bookkeeper.bookie,SortedLedgerStorage,87,133,10,4,24,36,12,10,5,10
Apache BookKeeper :: Server,org.apache.bookkeeper.bookie,BookieShell.ReadMetadataCallback,22,0,2,0,8,0,4,0,3,0
Apache BookKeeper :: Server,org.apache.bookkeeper.bookie,EntryLogMetadata,82,56,4,2,18,13,11,3,9,2
Apache BookKeeper :: Server,org.apache.bookkeeper.bookie,BufferedChannel,246,135,31,7,46,37,20,9,3,7
Apache BookKeeper :: Server,org.apache.bookkeeper.bookie,ScanAndCompareGarbageCollector.new BookkeeperInternalCallbacks.GenericCallback() {...},93,0,8,0,23,0,7,0,3,0
Apache BookKeeper :: Server,org.apache.bookkeeper.bookie,IndexPersistenceMgr.FileInfoLoader,6,53,2,2,1,12,2,2,0,2
Apache BookKeeper :: Server,org.apache.bookkeeper.bookie,BookieException.DiskPartitionDuplicationException,14,0,0,0,6,0,3,0,3,0
Apache BookKeeper :: Server,org.apache.bookkeeper.bookie,EntryKey,8,52,3,3,3,11,4,6,1,6
Apache BookKeeper :: Server,org.apache.bookkeeper.bookie,Bookie,1169,1263,142,80,304,306,121,50,26,34
Apache BookKeeper :: Server,org.apache.bookkeeper.bookie,BookieShell.LedgerMetadataCmd,99,0,6,0,33,0,8,0,5,0
Apache BookKeeper :: Server,org.apache.bookkeeper.bookie,EntryKeyValue,60,41,2,0,8,12,5,6,4,6
Apache BookKeeper :: Server,org.apache.bookkeeper.bookie,FileSystemUpgrade,731,0,58,0,180,0,41,0,12,0
Apache BookKeeper :: Server,org.apache.bookkeeper.bookie,BookieShell.ListLedgersCmd,171,0,20,0,53,0,15,0,5,0
Apache BookKeeper :: Server,org.apache.bookkeeper.bookie,TransactionalEntryLogCompactor,237,0,22,0,48,0,18,0,7,0
Apache BookKeeper :: Server,org.apache.bookkeeper.bookie,BookieException,120,4,25,0,47,2,27,1,7,1
Apache BookKeeper :: Server,org.apache.bookkeeper.bookie,LedgerDirsManager,293,183,28,8,64,40,27,13,10,12
Apache BookKeeper :: Server,org.apache.bookkeeper.bookie,LedgerDescriptorReadOnlyImpl,35,12,7,1,6,3,7,2,3,2
Apache BookKeeper :: Server,org.apache.bookkeeper.bookie,Bookie.NopWriteCallback,24,7,1,1,2,3,1,2,0,2
Apache BookKeeper :: Server,org.apache.bookkeeper.bookie,BookieException.CookieNotFoundException,9,5,0,0,4,2,2,1,2,1
Apache BookKeeper :: Server,org.apache.bookkeeper.bookie,BookieShell.ExpandStorageCmd,101,0,2,0,27,0,7,0,6,0
Apache BookKeeper :: Server,org.apache.bookkeeper.bookie,BookieShell.DecommissionBookieCmd,57,0,2,0,17,0,6,0,5,0
Apache BookKeeper :: Server,org.apache.bookkeeper.bookie,BookieShell.MetaFormatCmd,66,0,4,0,14,0,7,0,5,0
Apache BookKeeper :: Server,org.apache.bookkeeper.bookie,Journal.LogMarkCheckpoint,38,10,8,0,9,4,7,2,3,2
Apache BookKeeper :: Server,org.apache.bookkeeper.bookie,Cookie.Builder,38,53,0,0,9,16,2,6,2,6
Apache BookKeeper :: Server,org.apache.bookkeeper.server.http.service,ListBookiesService,143,0,20,0,31,0,13,0,3,0
Apache BookKeeper :: Server,org.apache.bookkeeper.server.http.service,ListUnderReplicatedLedgerService,198,0,28,0,46,0,20,0,6,0
Apache BookKeeper :: Server,org.apache.bookkeeper.server.http.service,GetLedgerMetaService,114,0,6,0,28,0,6,0,3,0
Apache BookKeeper :: Server,org.apache.bookkeeper.server.http.service,ListDiskFilesService,280,0,48,0,53,0,27,0,3,0
Apache BookKeeper :: Server,org.apache.bookkeeper.server.http.service,ListLedgerService,249,0,36,0,65,0,22,0,4,0
Apache BookKeeper :: Server,org.apache.bookkeeper.server.http.service,GetLastLogMarkService,195,0,6,0,34,0,6,0,3,0
Apache BookKeeper :: Server,org.apache.bookkeeper.server.http.service,ListBookieInfoService,269,0,12,0,48,0,10,0,4,0
Apache BookKeeper :: Server,org.apache.bookkeeper.server.http.service,TriggerAuditService,82,0,2,0,22,0,4,0,3,0
Apache BookKeeper :: Server,org.apache.bookkeeper.server.http.service,RecoveryBookieService,193,0,8,0,47,0,9,0,5,0
Apache BookKeeper :: Server,org.apache.bookkeeper.server.http.service,DeleteLedgerService,106,0,6,0,26,0,6,0,3,0
Apache BookKeeper :: Server,org.apache.bookkeeper.server.http.service,RecoveryBookieService.RecoveryRequestJsonBody,3,0,0,0,1,0,1,0,1,0
Apache BookKeeper :: Server,org.apache.bookkeeper.server.http.service,ExpandStorageService,129,0,6,0,35,0,7,0,4,0
Apache BookKeeper :: Server,org.apache.bookkeeper.server.http.service,DecommissionService,156,0,8,0,41,0,8,0,4,0
Apache BookKeeper :: Server,org.apache.bookkeeper.server.http.service,LostBookieRecoveryDelayService,156,0,10,0,37,0,8,0,3,0
Apache BookKeeper :: Server,org.apache.bookkeeper.server.http.service,WhoIsAuditorService,122,0,4,0,30,0,5,0,3,0
Apache BookKeeper :: Server,org.apache.bookkeeper.server.http.service,ReadLedgerEntryService,241,0,28,0,44,0,17,0,3,0
Apache BookKeeper :: Server,org.apache.bookkeeper.server.http.service,ListLedgerService.ReadLedgerMetadataCallback,22,0,2,0,8,0,4,0,3,0
Apache BookKeeper :: Server,org.apache.bookkeeper.server.http.service,ConfigurationService,125,0,12,0,35,0,9,0,3,0
Apache BookKeeper :: Server,org.apache.bookkeeper.util,SubTreeCache.SubTreeNode,39,0,0,0,11,0,4,0,4,0
Apache BookKeeper :: Server,org.apache.bookkeeper.util,Shell.ExitCodeException,10,0,0,0,4,0,2,0,2,0
Apache BookKeeper :: Server,org.apache.bookkeeper.util,ZkUtils.1.new AsyncCallback.StringCallback() {...},44,0,4,0,5,0,4,0,2,0
Apache BookKeeper :: Server,org.apache.bookkeeper.util,SafeRunnable.new SafeRunnable() {...},21,0,0,0,7,0,2,0,2,0
Apache BookKeeper :: Server,org.apache.bookkeeper.util,SafeRunnable.new SafeRunnable() {...},10,0,0,0,3,0,2,0,2,0
Apache BookKeeper :: Server,org.apache.bookkeeper.util,OrderedSafeExecutor.Builder,0,29,1,1,0,4,1,2,0,2
Apache BookKeeper :: Server,org.apache.bookkeeper.util,SubTreeCache,94,0,4,0,24,0,9,0,7,0
Apache BookKeeper :: Server,org.apache.bookkeeper.util,JsonUtil,30,0,0,0,8,0,4,0,4,0
Apache BookKeeper :: Server,org.apache.bookkeeper.util,SnapshotMap,24,126,0,4,6,28,1,6,1,4
Apache BookKeeper :: Server,org.apache.bookkeeper.util,EntryFormatter,55,0,0,0,16,0,4,0,4,0
Apache BookKeeper :: Server,org.apache.bookkeeper.util,SubTreeCache.WatchGuard,15,0,0,0,5,0,2,0,2,0
Apache BookKeeper :: Server,org.apache.bookkeeper.util,LocalBookKeeper,833,0,58,0,186,0,47,0,18,0
Apache BookKeeper :: Server,org.apache.bookkeeper.util,BookKeeperConstants,3,0,0,0,1,0,1,0,1,0
Apache BookKeeper :: Server,org.apache.bookkeeper.util,HardLink.OSType,44,0,0,0,5,0,1,0,1,0
Apache BookKeeper :: Server,org.apache.bookkeeper.util,SafeRunnable,11,3,0,0,2,1,2,1,2,1
Apache BookKeeper :: Server,org.apache.bookkeeper.util,DirectMemoryUtils,14,29,2,0,5,7,2,2,1,2
Apache BookKeeper :: Server,org.apache.bookkeeper.util,DiskChecker,308,93,33,13,52,25,29,6,6,6
Apache BookKeeper :: Server,org.apache.bookkeeper.util,Shell.ShellCommandExecutor,129,0,12,0,31,0,15,0,9,0
Apache BookKeeper :: Server,org.apache.bookkeeper.util,Shell,279,0,20,0,81,0,24,0,14,0
Apache BookKeeper :: Server,org.apache.bookkeeper.util,ZeroBuffer,34,22,4,2,9,7,5,3,2,3
Apache BookKeeper :: Server,org.apache.bookkeeper.util,DoubleByteBuf,314,230,13,7,73,51,64,11,55,9
Apache BookKeeper :: Server,org.apache.bookkeeper.util,StringUtils,196,10,8,0,41,1,12,1,8,1
Apache BookKeeper :: Server,org.apache.bookkeeper.util,OrderedSafeExecutor.OrderedSafeGenericCallback,13,35,1,1,3,9,1,3,0,3
Apache BookKeeper :: Server,org.apache.bookkeeper.util,StringEntryFormatter,37,0,0,0,10,0,3,0,3,0
Apache BookKeeper :: Server,org.apache.bookkeeper.util,HardLink.HardLinkCGUnix,185,0,4,0,32,0,10,0,8,0
Apache BookKeeper :: Server,org.apache.bookkeeper.util,ReflectionUtils,95,78,5,9,19,21,6,8,2,5
Apache BookKeeper :: Server,org.apache.bookkeeper.util,IOUtils,127,34,22,6,28,9,16,4,4,2
Apache BookKeeper :: Server,org.apache.bookkeeper.util,DiskChecker.DiskErrorException,4,0,0,0,2,0,1,0,1,0
Apache BookKeeper :: Server,org.apache.bookkeeper.util,OrderedSafeExecutor,57,19,0,0,11,5,9,3,9,3
Apache BookKeeper :: Server,org.apache.bookkeeper.util,DiskChecker.DiskWarnThresholdException,10,0,0,0,4,0,2,0,2,0
Apache BookKeeper :: Server,org.apache.bookkeeper.util,JsonUtil.ParseJsonException,4,0,0,0,2,0,1,0,1,0
Apache BookKeeper :: Server,org.apache.bookkeeper.util,DiskChecker.DiskOutOfSpaceException,10,0,0,0,4,0,2,0,2,0
Apache BookKeeper :: Server,org.apache.bookkeeper.util,ZkUtils.6.new AsyncCallback.ChildrenCallback() {...},14,17,1,1,4,4,1,2,0,2
Apache BookKeeper :: Server,org.apache.bookkeeper.util,DaemonThreadFactory,26,29,7,1,4,9,5,3,1,3
Apache BookKeeper :: Server,org.apache.bookkeeper.util,OrderedSafeExecutor.OrderedSafeGenericCallback.new SafeRunnable() {...},17,20,0,0,2,3,1,2,1,2
Apache BookKeeper :: Server,org.apache.bookkeeper.util,HardLink,623,0,80,0,133,0,51,0,11,0
Apache BookKeeper :: Server,org.apache.bookkeeper.util,ZkUtils.new AsyncCallback.StringCallback() {...},25,33,1,1,3,4,1,2,0,2
Apache BookKeeper :: Server,org.apache.bookkeeper.util,ZkUtils.new AsyncCallback.VoidCallback() {...},65,0,4,0,9,0,4,0,2,0
Apache BookKeeper :: Server,org.apache.bookkeeper.util,ZkUtils.GetChildrenCtx,0,9,0,0,0,3,0,1,0,1
Apache BookKeeper :: Server,org.apache.bookkeeper.util,ZkUtils.new BookkeeperInternalCallbacks.GenericCallback() {...},0,34,1,1,0,9,1,2,0,2
Apache BookKeeper :: Server,org.apache.bookkeeper.util,ZkUtils.new AsyncCallback.VoidCallback() {...},13,28,1,1,4,4,1,2,0,2
Apache BookKeeper :: Server,org.apache.bookkeeper.util,ZkUtils.new AsyncCallback.StringCallback() {...},17,0,0,0,4,0,2,0,2,0
Apache BookKeeper :: Server,org.apache.bookkeeper.util,ZkUtils.new AsyncCallback.VoidCallback() {...},17,0,0,0,4,0,2,0,2,0
Apache BookKeeper :: Server,org.apache.bookkeeper.util,Shell.new Thread() {...},44,0,4,0,10,0,4,0,2,0
Apache BookKeeper :: Server,org.apache.bookkeeper.util,DiskChecker.DiskException,4,0,0,0,2,0,1,0,1,0
Apache BookKeeper :: Server,org.apache.bookkeeper.util,NativeIO,140,0,10,0,42,0,9,0,4,0
Apache BookKeeper :: Server,org.apache.bookkeeper.util,HardLink.LinkStats,85,0,0,0,15,0,3,0,3,0
Apache BookKeeper :: Server,org.apache.bookkeeper.util,Shell.ShellTimeoutTimerTask,28,0,4,0,11,0,4,0,2,0
Apache BookKeeper :: Server,org.apache.bookkeeper.util,ZkUtils,101,70,6,4,18,14,8,6,4,5
Apache BookKeeper :: Server,org.apache.bookkeeper.util,DoubleByteBuf.new Recycler() {...},0,9,0,0,0,2,0,2,0,2
Apache BookKeeper :: Server,org.apache.bookkeeper.util,HexDumpEntryFormatter,76,0,0,0,17,0,3,0,3,0
Apache BookKeeper :: Server,org.apache.bookkeeper.util,HardLink.HardLinkCGWin,271,0,4,0,35,0,9,0,7,0
Apache BookKeeper :: Server,org.apache.bookkeeper.feature,FixedValueFeature,25,9,4,0,7,4,6,1,4,1
Apache BookKeeper :: Server,org.apache.bookkeeper.feature,SettableFeatureProvider,7,21,0,0,1,5,1,3,1,3
Apache BookKeeper :: Server,org.apache.bookkeeper.feature,SettableFeature,17,5,2,0,6,2,4,1,3,1
Apache BookKeeper :: Server,org.apache.bookkeeper.feature,CacheableFeatureProvider,46,52,6,4,10,14,5,4,1,3
Apache BookKeeper :: Server,org.apache.bookkeeper.util.collections,ConcurrentLongLongHashMap,521,0,32,0,97,0,47,0,31,0
Apache BookKeeper :: Server,org.apache.bookkeeper.util.collections,GrowableArrayBlockingQueue.PaddedInt,46,0,0,0,4,0,2,0,2,0
Apache BookKeeper :: Server,org.apache.bookkeeper.util.collections,ConcurrentLongLongPairHashMap,446,0,26,0,79,0,39,0,26,0
Apache BookKeeper :: Server,org.apache.bookkeeper.util.collections,ConcurrentOpenHashSet.Section,424,0,58,0,121,0,37,0,8,0
Apache BookKeeper :: Server,org.apache.bookkeeper.util.collections,ConcurrentLongHashSet,322,0,24,0,60,0,30,0,18,0
Apache BookKeeper :: Server,org.apache.bookkeeper.util.collections,ConcurrentOpenHashMap.Section,609,0,74,0,142,0,47,0,10,0
Apache BookKeeper :: Server,org.apache.bookkeeper.util.collections,ConcurrentLongLongPairHashMap.LongPair,58,0,8,0,12,0,8,0,4,0
Apache BookKeeper :: Server,org.apache.bookkeeper.util.collections,ConcurrentOpenHashSet,296,0,20,0,55,0,28,0,18,0
Apache BookKeeper :: Server,org.apache.bookkeeper.util.collections,ConcurrentLongHashMap,255,145,21,5,40,30,27,11,15,10
Apache BookKeeper :: Server,org.apache.bookkeeper.util.collections,ConcurrentLongHashMap.Section,454,158,75,13,114,38,48,4,5,3
Apache BookKeeper :: Server,org.apache.bookkeeper.util.collections,ConcurrentOpenHashMap,419,0,26,0,77,0,38,0,25,0
Apache BookKeeper :: Server,org.apache.bookkeeper.util.collections,ConcurrentLongLongHashMap.Section,925,0,110,0,214,0,68,0,13,0
Apache BookKeeper :: Server,org.apache.bookkeeper.util.collections,GrowableArrayBlockingQueue,603,0,40,0,138,0,41,0,21,0
Apache BookKeeper :: Server,org.apache.bookkeeper.util.collections,ConcurrentLongLongPairHashMap.Section,739,0,72,0,151,0,45,0,9,0
Apache BookKeeper :: Server,org.apache.bookkeeper.util.collections,ConcurrentLongHashSet.Section,459,0,56,0,114,0,37,0,9,0
Apache BookKeeper :: Server,org.apache.bookkeeper.net,NetworkTopologyImpl,696,219,116,18,161,51,80,13,18,8
Apache BookKeeper :: Server,org.apache.bookkeeper.net,StabilizeNetworkTopology,104,0,4,0,26,0,11,0,9,0
Apache BookKeeper :: Server,org.apache.bookkeeper.net,BookieSocketAddress,21,103,4,4,5,23,5,8,1,8
Apache BookKeeper :: Server,org.apache.bookkeeper.net,StabilizeNetworkTopology.RemoveNodeTask,81,0,8,0,16,0,6,0,2,0
Apache BookKeeper :: Server,org.apache.bookkeeper.net,NetworkTopologyImpl.InvalidTopologyException,4,0,0,0,2,0,1,0,1,0
Apache BookKeeper :: Server,org.apache.bookkeeper.net,NodeBase,61,147,9,15,15,43,12,17,4,13
Apache BookKeeper :: Server,org.apache.bookkeeper.net,CachedDNSToSwitchMapping,54,99,7,7,12,25,10,7,4,6
Apache BookKeeper :: Server,org.apache.bookkeeper.net,ScriptBasedMapping.RawScriptBasedMapping,220,39,25,3,50,12,18,4,4,4
Apache BookKeeper :: Server,org.apache.bookkeeper.net,DNSToSwitchMapping,2,0,0,0,1,0,1,0,1,0
Apache BookKeeper :: Server,org.apache.bookkeeper.net,AbstractDNSToSwitchMapping,123,7,14,0,24,4,14,2,7,2
Apache BookKeeper :: Server,org.apache.bookkeeper.net,NetworkTopologyImpl.InnerNode,258,337,53,41,50,70,42,22,4,13
Apache BookKeeper :: Server,org.apache.bookkeeper.net,ScriptBasedMapping,21,18,0,0,5,6,3,3,3,3
Apache BookKeeper :: Server,org.apache.bookkeeper.net,NetUtils,13,67,2,4,4,14,3,5,1,4
Apache BookKeeper :: Server,org.apache.bookkeeper.net,DNS,342,30,29,1,78,12,24,5,9,5
Apache BookKeeper :: Server,org.apache.bookkeeper.net,StabilizeNetworkTopology.NodeStatus,23,0,2,0,9,0,5,0,4,0
Apache BookKeeper :: Server,org.apache.bookkeeper.proto,BookkeeperProtocol.GetBookieInfoResponse.new AbstractParser() {...},10,0,0,0,2,0,2,0,2,0
Apache BookKeeper :: Server,org.apache.bookkeeper.proto,BookieRequestProcessor,470,314,44,11,127,74,36,9,6,8
Apache BookKeeper :: Server,org.apache.bookkeeper.proto,BookkeeperProtocol.ReadLacRequest.Builder,232,0,18,0,69,0,35,0,26,0
Apache BookKeeper :: Server,org.apache.bookkeeper.proto,PerChannelBookieClient.ReadLacCompletion.new BookkeeperInternalCallbacks.ReadLacCallback() {...},31,0,0,0,5,0,2,0,2,0
Apache BookKeeper :: Server,org.apache.bookkeeper.proto,ReadLastConfirmedAndEntryContext,37,0,0,0,14,0,7,0,7,0
Apache BookKeeper :: Server,org.apache.bookkeeper.proto,ReadEntryProcessorV3,359,183,26,8,72,51,23,10,6,10
Apache BookKeeper :: Server,org.apache.bookkeeper.proto,BookieNettyServer.RejectRequestHandler,5,0,0,0,2,0,1,0,1,0
Apache BookKeeper :: Server,org.apache.bookkeeper.proto,DataFormats.LedgerMetadataFormat,1216,245,224,21,266,58,158,31,31,30
Apache BookKeeper :: Server,org.apache.bookkeeper.proto,BookkeeperProtocol.StartTLSRequest,287,0,24,0,87,0,45,0,33,0
Apache BookKeeper :: Server,org.apache.bookkeeper.proto,BookkeeperProtocol.BKPacketHeader.new AbstractParser() {...},0,10,0,0,0,2,0,2,0,2
Apache BookKeeper :: Server,org.apache.bookkeeper.proto,BookieProtocol.AuthRequest,17,0,0,0,5,0,2,0,2,0
Apache BookKeeper :: Server,org.apache.bookkeeper.proto,BookkeeperProtocol.GetBookieInfoResponse.Builder,392,0,34,0,107,0,51,0,34,0
Apache BookKeeper :: Server,org.apache.bookkeeper.proto,DefaultPerChannelBookieClientPool,40,114,4,8,8,24,5,9,2,6
Apache BookKeeper :: Server,org.apache.bookkeeper.proto,BookieServer.DeathWatcher,1,36,0,2,1,11,0,3,0,2
Apache BookKeeper :: Server,org.apache.bookkeeper.proto,WriteEntryProcessorV3,127,82,7,5,30,25,6,4,0,4
Apache BookKeeper :: Server,org.apache.bookkeeper.proto,BookkeeperProtocol.ReadResponse.Builder,434,191,48,10,110,55,66,9,37,9
Apache BookKeeper :: Server,org.apache.bookkeeper.proto,BookkeeperProtocol.WriteLacRequest,697,0,108,0,173,0,97,0,41,0
Apache BookKeeper :: Server,org.apache.bookkeeper.proto,BookieProtocol.AddRequest.new Recycler() {...},9,0,0,0,2,0,2,0,2,0
Apache BookKeeper :: Server,org.apache.bookkeeper.proto,RequestUtils,24,13,9,3,2,2,8,2,2,2
Apache BookKeeper :: Server,org.apache.bookkeeper.proto,DataFormats.UnderreplicatedLedgerFormat.Builder,330,0,24,0,96,0,44,0,32,0
Apache BookKeeper :: Server,org.apache.bookkeeper.proto,BookieServer,99,123,12,4,26,36,16,8,9,7
Apache BookKeeper :: Server,org.apache.bookkeeper.proto,PacketProcessorBaseV3,4,61,0,0,1,15,1,4,1,4
Apache BookKeeper :: Server,org.apache.bookkeeper.proto,BookieClient.8.new SafeRunnable() {...},22,0,0,0,3,0,2,0,2,0
Apache BookKeeper :: Server,org.apache.bookkeeper.proto,BookieProtoEncoding.RequestDecoder,33,42,3,3,8,13,3,2,0,2
Apache BookKeeper :: Server,org.apache.bookkeeper.proto,ResponseBuilder,66,0,8,0,11,0,9,0,5,0
Apache BookKeeper :: Server,org.apache.bookkeeper.proto,AuthHandler.ServerSideHandler.AuthHandshakeCompleteCallback,6,17,3,1,2,5,2,2,0,2
Apache BookKeeper :: Server,org.apache.bookkeeper.proto,BookieProtocol.Response,63,0,0,0,14,0,8,0,8,0
Apache BookKeeper :: Server,org.apache.bookkeeper.proto,DataFormats.UnderreplicatedLedgerFormat,419,0,39,0,113,0,57,0,37,0
Apache BookKeeper :: Server,org.apache.bookkeeper.proto,BookkeeperInternalCallbacks.MultiCallback.new Runnable() {...},10,0,0,0,3,0,2,0,2,0
Apache BookKeeper :: Server,org.apache.bookkeeper.proto,DataFormats.LedgerMetadataFormat.cMetadataMapEntry.Builder,373,14,33,1,105,7,47,2,30,2
Apache BookKeeper :: Server,org.apache.bookkeeper.proto,BookieProtoEncoding.ResponseEncoder,31,32,4,2,5,8,3,2,0,2
Apache BookKeeper :: Server,org.apache.bookkeeper.proto,BookkeeperProtocol.new Descriptors.FileDescriptor.InternalDescriptorAssigner() {...},8,0,0,0,3,0,2,0,2,0
Apache BookKeeper :: Server,org.apache.bookkeeper.proto,BookkeeperProtocol.GetBookieInfoRequest.Flags,85,0,5,0,21,0,13,0,10,0
Apache BookKeeper :: Server,org.apache.bookkeeper.proto,BookkeeperProtocol.ReadRequest.new AbstractParser() {...},0,10,0,0,0,2,0,2,0,2
Apache BookKeeper :: Server,org.apache.bookkeeper.proto,BookieRequestProcessor.new GenericFutureListener() {...},67,0,4,0,13,0,4,0,2,0
Apache BookKeeper :: Server,org.apache.bookkeeper.proto,BookieProtocol.ReadRequest,32,0,2,0,7,0,4,0,3,0
Apache BookKeeper :: Server,org.apache.bookkeeper.proto,BookkeeperProtocol.WriteLacRequest.new AbstractParser() {...},10,0,0,0,2,0,2,0,2,0
Apache BookKeeper :: Server,org.apache.bookkeeper.proto,BookkeeperProtocol.Response.Builder,2045,280,310,28,506,77,256,11,89,9
Apache BookKeeper :: Server,org.apache.bookkeeper.proto,BookkeeperProtocol.ProtocolVersion.new Internal.EnumLiteMap() {...},3,3,0,0,1,1,1,1,1,1
Apache BookKeeper :: Server,org.apache.bookkeeper.proto,BookkeeperProtocol.ProtocolVersion,37,61,5,1,10,13,9,5,5,5
Apache BookKeeper :: Server,org.apache.bookkeeper.proto,BookieProtoEncoding.ResponseEnDecoderV3,0,21,0,0,0,6,0,3,0,3
Apache BookKeeper :: Server,org.apache.bookkeeper.proto,BookieClient.ChannelReadyForAddEntryCallback,15,74,1,1,1,22,1,5,0,5
Apache BookKeeper :: Server,org.apache.bookkeeper.proto,PerChannelBookieClient.CompletionValue.new SafeRunnable() {...},61,0,6,0,11,0,5,0,2,0
Apache BookKeeper :: Server,org.apache.bookkeeper.proto,PerChannelBookieClient.GetBookieInfoCompletion,107,0,2,0,22,0,6,0,5,0
Apache BookKeeper :: Server,org.apache.bookkeeper.proto,DataFormats.LedgerMetadataFormat.Segment.new AbstractParser() {...},7,3,0,0,1,1,1,1,1,1
Apache BookKeeper :: Server,org.apache.bookkeeper.proto,BookkeeperProtocol.Request,999,408,206,58,208,98,162,31,38,19
Apache BookKeeper :: Server,org.apache.bookkeeper.proto,BookieProtocol.AddResponse,29,0,0,0,9,0,4,0,4,0
Apache BookKeeper :: Server,org.apache.bookkeeper.proto,BookkeeperProtocol.AddRequest.Builder,407,166,47,9,104,49,62,8,34,8
Apache BookKeeper :: Server,org.apache.bookkeeper.proto,PerChannelBookieClient.StartTLSCompletion.new BookkeeperInternalCallbacks.StartTLSCallback() {...},20,0,0,0,4,0,2,0,2,0
Apache BookKeeper :: Server,org.apache.bookkeeper.proto,PerChannelBookieClient.V3CompletionKey,19,33,3,3,2,7,4,3,1,3
Apache BookKeeper :: Server,org.apache.bookkeeper.proto,PerChannelBookieClient.WriteLacCompletion,96,0,2,0,19,0,6,0,5,0
Apache BookKeeper :: Server,org.apache.bookkeeper.proto,WriteEntryProcessorV3.new BookkeeperInternalCallbacks.WriteCallback() {...},14,61,3,2,4,14,3,2,0,2
Apache BookKeeper :: Server,org.apache.bookkeeper.proto,BookkeeperProtocol.StatusCode.new Internal.EnumLiteMap() {...},3,3,0,0,1,1,1,1,1,1
Apache BookKeeper :: Server,org.apache.bookkeeper.proto,BookieClient.new BookkeeperInternalCallbacks.GenericCallback() {...},50,0,2,0,6,0,3,0,2,0
Apache BookKeeper :: Server,org.apache.bookkeeper.proto,BookieClient.new SafeRunnable() {...},38,0,0,0,3,0,2,0,2,0
Apache BookKeeper :: Server,org.apache.bookkeeper.proto,BookieClient.new BookkeeperInternalCallbacks.GenericCallback() {...},14,31,1,1,2,4,1,2,0,2
Apache BookKeeper :: Server,org.apache.bookkeeper.proto,BookieClient.new BookkeeperInternalCallbacks.GenericCallback() {...},53,0,2,0,9,0,3,0,2,0
Apache BookKeeper :: Server,org.apache.bookkeeper.proto,BookieClient.new SafeRunnable() {...},60,0,0,0,4,0,3,0,3,0
Apache BookKeeper :: Server,org.apache.bookkeeper.proto,BookieClient.new BookkeeperInternalCallbacks.GenericCallback() {...},75,0,2,0,9,0,3,0,2,0
Apache BookKeeper :: Server,org.apache.bookkeeper.proto,BookieClient.new BookkeeperInternalCallbacks.GenericCallback() {...},50,0,2,0,9,0,3,0,2,0
Apache BookKeeper :: Server,org.apache.bookkeeper.proto,BookieClient.new BookkeeperInternalCallbacks.GenericCallback() {...},60,0,2,0,6,0,3,0,2,0
Apache BookKeeper :: Server,org.apache.bookkeeper.proto,BookieClient.new BookkeeperInternalCallbacks.WriteCallback() {...},29,0,2,0,6,0,3,0,2,0
Apache BookKeeper :: Server,org.apache.bookkeeper.proto,BookieProtocol.AddResponse.new Recycler() {...},9,0,0,0,2,0,2,0,2,0
Apache BookKeeper :: Server,org.apache.bookkeeper.proto,BookkeeperProtocol.StartTLSResponse.new AbstractParser() {...},10,0,0,0,2,0,2,0,2,0
Apache BookKeeper :: Server,org.apache.bookkeeper.proto,BookkeeperProtocol.ReadRequest.Flag.new Internal.EnumLiteMap() {...},6,0,0,0,2,0,2,0,2,0
Apache BookKeeper :: Server,org.apache.bookkeeper.proto,PerChannelBookieClient.GetBookieInfoCompletion.new BookkeeperInternalCallbacks.GetBookieInfoCallback() {...},33,0,0,0,5,0,2,0,2,0
Apache BookKeeper :: Server,org.apache.bookkeeper.proto,BookieClient,444,231,28,8,100,54,29,9,13,7
Apache BookKeeper :: Server,org.apache.bookkeeper.proto,BookkeeperProtocol.AuthMessage.new AbstractParser() {...},10,0,0,0,2,0,2,0,2,0
Apache BookKeeper :: Server,org.apache.bookkeeper.proto,BookkeeperProtocol.StartTLSResponse.Builder,148,0,10,0,47,0,27,0,22,0
Apache BookKeeper :: Server,org.apache.bookkeeper.proto,PerChannelBookieClient.new SafeRunnable() {...},32,21,0,0,3,3,1,2,1,2
Apache BookKeeper :: Server,org.apache.bookkeeper.proto,PerChannelBookieClient.new SafeRunnable() {...},36,0,0,0,4,0,2,0,2,0
Apache BookKeeper :: Server,org.apache.bookkeeper.proto,PerChannelBookieClient.new ChannelInitializer() {...},0,72,0,0,0,9,0,2,0,2
Apache BookKeeper :: Server,org.apache.bookkeeper.proto,PerChannelBookieClient.new ClientConnectionPeer() {...},89,19,14,0,28,4,12,2,5,2
Apache BookKeeper :: Server,org.apache.bookkeeper.proto,PerChannelBookieClient.new Recycler() {...},8,6,0,0,1,1,1,1,1,1
Apache BookKeeper :: Server,org.apache.bookkeeper.proto,PerChannelBookieClient.new Recycler() {...},0,13,0,0,0,2,0,2,0,2
Apache BookKeeper :: Server,org.apache.bookkeeper.proto,PerChannelBookieClient.new GenericFutureListener() {...},230,0,24,0,41,0,14,0,2,0
Apache BookKeeper :: Server,org.apache.bookkeeper.proto,BookieProtocol.ErrorResponse,11,0,0,0,4,0,2,0,2,0
Apache BookKeeper :: Server,org.apache.bookkeeper.proto,BookkeeperProtocol.ReadRequest.Flag,85,0,5,0,21,0,13,0,10,0
Apache BookKeeper :: Server,org.apache.bookkeeper.proto,BookkeeperProtocol.AuthMessage.Builder,397,0,38,0,116,0,51,0,32,0
Apache BookKeeper :: Server,org.apache.bookkeeper.proto,BookkeeperProtocol.BKPacketHeader,348,283,67,28,81,78,67,21,24,15
Apache BookKeeper :: Server,org.apache.bookkeeper.proto,BookkeeperProtocol.WriteLacResponse.new AbstractParser() {...},10,0,0,0,2,0,2,0,2,0
Apache BookKeeper :: Server,org.apache.bookkeeper.proto,BookieNettyServer,226,254,23,13,50,60,21,7,4,6
Apache BookKeeper :: Server,org.apache.bookkeeper.proto,BookkeeperProtocol.StartTLSRequest.Builder,148,0,10,0,47,0,27,0,22,0
Apache BookKeeper :: Server,org.apache.bookkeeper.proto,BookkeeperProtocol.Request.Builder,1984,237,299,23,493,64,246,9,87,7
Apache BookKeeper :: Server,org.apache.bookkeeper.proto,BookkeeperProtocol.ReadRequest,605,283,117,29,137,73,101,20,30,15
Apache BookKeeper :: Server,org.apache.bookkeeper.proto,BookkeeperProtocol.ReadLacResponse.Builder,493,0,46,0,132,0,61,0,38,0
Apache BookKeeper :: Server,org.apache.bookkeeper.proto,DataFormats.UnderreplicatedLedgerFormat.new AbstractParser() {...},10,0,0,0,2,0,2,0,2,0
Apache BookKeeper :: Server,org.apache.bookkeeper.proto,BookieClient.1.new SafeRunnable() {...},25,0,0,0,3,0,2,0,2,0
Apache BookKeeper :: Server,org.apache.bookkeeper.proto,BookkeeperProtocol.Response,1055,484,226,67,219,116,175,35,37,22
Apache BookKeeper :: Server,org.apache.bookkeeper.proto,DataFormats.LedgerMetadataFormat.State,22,76,4,2,7,16,6,8,3,7
Apache BookKeeper :: Server,org.apache.bookkeeper.proto,DataFormats.AuditorVoteFormat.new AbstractParser() {...},10,0,0,0,2,0,2,0,2,0
Apache BookKeeper :: Server,org.apache.bookkeeper.proto,BookkeeperProtocol.AddResponse.new AbstractParser() {...},0,10,0,0,0,2,0,2,0,2
Apache BookKeeper :: Server,org.apache.bookkeeper.proto,DataFormats.LedgerMetadataFormat.cMetadataMapEntry.new AbstractParser() {...},7,3,0,0,1,1,1,1,1,1
Apache BookKeeper :: Server,org.apache.bookkeeper.proto,AuthHandler.ServerSideHandler.AuthResponseCallbackLegacy,43,0,2,0,12,0,3,0,2,0
Apache BookKeeper :: Server,org.apache.bookkeeper.proto,BookkeeperProtocol.WriteLacRequest.Builder,483,0,46,0,132,0,61,0,38,0
Apache BookKeeper :: Server,org.apache.bookkeeper.proto,DataFormats.LedgerMetadataFormat.cMetadataMapEntry,484,33,67,1,128,9,69,4,34,4
Apache BookKeeper :: Server,org.apache.bookkeeper.proto,PerChannelBookieClient,1008,831,119,44,273,216,113,24,24,21
Apache BookKeeper :: Server,org.apache.bookkeeper.proto,ReadEntryProcessorV3.new FutureCallback() {...},63,0,0,0,7,0,3,0,3,0
Apache BookKeeper :: Server,org.apache.bookkeeper.proto,DataFormats.AuditorVoteFormat.Builder,304,0,26,0,92,0,41,0,28,0
Apache BookKeeper :: Server,org.apache.bookkeeper.proto,PerChannelBookieClient.AddCompletion,31,128,1,1,7,30,5,5,4,5
Apache BookKeeper :: Server,org.apache.bookkeeper.proto,PerChannelBookieClient.ReadLacCompletion,114,0,6,0,24,0,8,0,5,0
Apache BookKeeper :: Server,org.apache.bookkeeper.proto,BookkeeperProtocol,479,0,0,0,41,0,4,0,4,0
Apache BookKeeper :: Server,org.apache.bookkeeper.proto,BookkeeperInternalCallbacks.MultiCallback,118,0,10,0,33,0,11,0,6,0
Apache BookKeeper :: Server,org.apache.bookkeeper.proto,BookieProtoEncoding.ResponseDecoder,32,42,3,3,7,13,3,2,0,2
Apache BookKeeper :: Server,org.apache.bookkeeper.proto,BookieProtocol.ReadResponse,38,0,2,0,11,0,6,0,5,0
Apache BookKeeper :: Server,org.apache.bookkeeper.proto,BookieProtocol.AuthResponse,17,0,0,0,6,0,3,0,3,0
Apache BookKeeper :: Server,org.apache.bookkeeper.proto,DataFormats.LockDataFormat.new AbstractParser() {...},10,0,0,0,2,0,2,0,2,0
Apache BookKeeper :: Server,org.apache.bookkeeper.proto,BookkeeperProtocol.GetBookieInfoResponse,597,0,87,0,150,0,84,0,39,0
Apache BookKeeper :: Server,org.apache.bookkeeper.proto,BookieProtocol.AddRequest,74,0,2,0,23,0,8,0,7,0
Apache BookKeeper :: Server,org.apache.bookkeeper.proto,BookkeeperProtocol.AddRequest.new AbstractParser() {...},0,10,0,0,0,2,0,2,0,2
Apache BookKeeper :: Server,org.apache.bookkeeper.proto,PacketProcessorBase,100,0,8,0,29,0,11,0,7,0
Apache BookKeeper :: Server,org.apache.bookkeeper.proto,AuthHandler.ServerSideHandler.AuthResponseCallback,61,0,2,0,18,0,3,0,2,0
Apache BookKeeper :: Server,org.apache.bookkeeper.proto,ReadLacProcessorV3,148,0,6,0,43,0,8,0,5,0
Apache BookKeeper :: Server,org.apache.bookkeeper.proto,DataFormats.CookieFormat,712,138,117,13,188,37,97,15,30,15
Apache BookKeeper :: Server,org.apache.bookkeeper.proto,DataFormats.LedgerMetadataFormat.Builder,1457,362,181,21,369,100,185,14,84,14
Apache BookKeeper :: Server,org.apache.bookkeeper.proto,BookkeeperProtocol.GetBookieInfoRequest.Flags.new Internal.EnumLiteMap() {...},6,0,0,0,2,0,2,0,2,0
Apache BookKeeper :: Server,org.apache.bookkeeper.proto,GetBookieInfoProcessorV3,145,0,8,0,39,0,9,0,5,0
Apache BookKeeper :: Server,org.apache.bookkeeper.proto,AuthHandler,3,4,0,0,1,1,1,1,1,1
Apache BookKeeper :: Server,org.apache.bookkeeper.proto,ServerStats,182,0,8,0,38,0,19,0,15,0
Apache BookKeeper :: Server,org.apache.bookkeeper.proto,BookieClient.5.new SafeRunnable() {...},24,0,0,0,3,0,2,0,2,0
Apache BookKeeper :: Server,org.apache.bookkeeper.proto,DataFormats,4,227,0,0,3,24,2,2,2,2
Apache BookKeeper :: Server,org.apache.bookkeeper.proto,BookkeeperProtocol.StatusCode,51,138,12,1,17,20,16,5,5,5
Apache BookKeeper :: Server,org.apache.bookkeeper.proto,LocalBookiesRegistry,16,9,2,0,6,2,4,2,3,2
Apache BookKeeper :: Server,org.apache.bookkeeper.proto,BookkeeperProtocol.Response.new AbstractParser() {...},0,10,0,0,0,2,0,2,0,2
Apache BookKeeper :: Server,org.apache.bookkeeper.proto,DataFormats.LedgerMetadataFormat.Segment,439,81,54,6,111,23,58,12,28,11
Apache BookKeeper :: Server,org.apache.bookkeeper.proto,AuthHandler.AuthenticationException,4,0,0,0,2,0,1,0,1,0
Apache BookKeeper :: Server,org.apache.bookkeeper.proto,BookkeeperInternalCallbacks.TimedGenericCallback,40,0,2,0,11,0,3,0,2,0
Apache BookKeeper :: Server,org.apache.bookkeeper.proto,BookieProtocol.PacketHeader,57,0,6,0,13,0,8,0,5,0
Apache BookKeeper :: Server,org.apache.bookkeeper.proto,DataFormats.LedgerMetadataFormat.State.new Internal.EnumLiteMap() {...},3,3,0,0,1,1,1,1,1,1
Apache BookKeeper :: Server,org.apache.bookkeeper.proto,AuthHandler.ClientSideHandler.AuthHandshakeCompleteCallback,9,42,1,3,2,12,1,3,0,2
Apache BookKeeper :: Server,org.apache.bookkeeper.proto,BookkeeperInternalCallbacks,7,0,0,0,2,0,2,0,2,0
Apache BookKeeper :: Server,org.apache.bookkeeper.proto,DataFormats.LockDataFormat,424,0,49,0,120,0,61,0,36,0
Apache BookKeeper :: Server,org.apache.bookkeeper.proto,DataFormats.LedgerRereplicationLayoutFormat.new AbstractParser() {...},10,0,0,0,2,0,2,0,2,0
Apache BookKeeper :: Server,org.apache.bookkeeper.proto,BookkeeperProtocol.AddResponse,342,271,65,26,82,74,65,21,24,15
Apache BookKeeper :: Server,org.apache.bookkeeper.proto,DataFormats.LedgerRereplicationLayoutFormat,531,0,72,0,143,0,75,0,38,0
Apache BookKeeper :: Server,org.apache.bookkeeper.proto,BookkeeperProtocol.ReadResponse,500,395,111,37,111,101,94,28,25,20
Apache BookKeeper :: Server,org.apache.bookkeeper.proto,BookieProtoEncoding.ResponseEnDeCoderPreV3,199,6,16,0,46,3,11,1,2,1
Apache BookKeeper :: Server,org.apache.bookkeeper.proto,BookkeeperProtocol.ReadRequest.Builder,485,135,48,8,125,38,68,6,40,6
Apache BookKeeper :: Server,org.apache.bookkeeper.proto,AuthHandler.ServerSideHandler,193,58,34,4,51,18,20,5,1,5
Apache BookKeeper :: Server,org.apache.bookkeeper.proto,DataFormats.LedgerRereplicationLayoutFormat.Builder,384,0,36,0,113,0,50,0,32,0
Apache BookKeeper :: Server,org.apache.bookkeeper.proto,BookkeeperProtocol.ReadLacRequest.new AbstractParser() {...},10,0,0,0,2,0,2,0,2,0
Apache BookKeeper :: Server,org.apache.bookkeeper.proto,BookkeeperProtocol.ReadLacResponse.new AbstractParser() {...},10,0,0,0,2,0,2,0,2,0
Apache BookKeeper :: Server,org.apache.bookkeeper.proto,BookkeeperProtocol.Request.new AbstractParser() {...},0,10,0,0,0,2,0,2,0,2
Apache BookKeeper :: Server,org.apache.bookkeeper.proto,BookkeeperProtocol.GetBookieInfoRequest,383,0,43,0,106,0,57,0,35,0
Apache BookKeeper :: Server,org.apache.bookkeeper.proto,DataFormats.CookieFormat.Builder,616,144,71,9,180,44,79,7,39,7
Apache BookKeeper :: Server,org.apache.bookkeeper.proto,WriteLacProcessorV3,178,0,8,0,47,0,8,0,4,0
Apache BookKeeper :: Server,org.apache.bookkeeper.proto,ReadEntryProcessor,362,0,30,0,80,0,21,0,6,0
Apache BookKeeper :: Server,org.apache.bookkeeper.proto,BookkeeperProtocol.ReadLacResponse,699,0,108,0,170,0,97,0,41,0
Apache BookKeeper :: Server,org.apache.bookkeeper.proto,DataFormats.AuditorVoteFormat,424,0,49,0,120,0,61,0,36,0
Apache BookKeeper :: Server,org.apache.bookkeeper.proto,PerChannelBookieClient.CompletionValue,91,68,7,5,14,22,9,4,3,4
Apache BookKeeper :: Server,org.apache.bookkeeper.proto,BookkeeperProtocol.ReadLacRequest,391,0,45,0,109,0,58,0,35,0
Apache BookKeeper :: Server,org.apache.bookkeeper.proto,BookieRequestHandler,24,45,5,1,8,15,4,6,1,6
Apache BookKeeper :: Server,org.apache.bookkeeper.proto,BookkeeperProtocol.AuthMessage,533,0,72,0,143,0,75,0,38,0
Apache BookKeeper :: Server,org.apache.bookkeeper.proto,DataFormats.LockDataFormat.Builder,304,0,26,0,92,0,41,0,28,0
Apache BookKeeper :: Server,org.apache.bookkeeper.proto,PerChannelBookieClient.ReadCompletion,62,147,14,10,15,32,15,4,4,3
Apache BookKeeper :: Server,org.apache.bookkeeper.proto,PacketProcessorBaseV3.new ChannelFutureListener() {...},16,43,2,2,2,7,2,2,0,2
Apache BookKeeper :: Server,org.apache.bookkeeper.proto,BookieClient.ChannelReadyForAddEntryCallback.new Recycler() {...},0,9,0,0,0,2,0,2,0,2
Apache BookKeeper :: Server,org.apache.bookkeeper.proto,PerChannelBookieClient.V2CompletionKey,88,0,8,0,16,0,10,0,6,0
Apache BookKeeper :: Server,org.apache.bookkeeper.proto,BookkeeperProtocol.BKPacketHeader.Builder,294,128,35,7,76,39,48,7,27,7
Apache BookKeeper :: Server,org.apache.bookkeeper.proto,BookieProtoEncoding,9,31,0,0,3,7,1,2,1,2
Apache BookKeeper :: Server,org.apache.bookkeeper.proto,BookkeeperProtocol.GetBookieInfoRequest.Builder,227,0,16,0,67,0,34,0,26,0
Apache BookKeeper :: Server,org.apache.bookkeeper.proto,BookkeeperProtocol.WriteLacResponse,511,0,70,0,134,0,73,0,37,0
Apache BookKeeper :: Server,org.apache.bookkeeper.proto,BookkeeperProtocol.ReadResponse.new AbstractParser() {...},0,10,0,0,0,2,0,2,0,2
Apache BookKeeper :: Server,org.apache.bookkeeper.proto,AuthHandler.ClientSideHandler.AuthRequestCallback,43,16,2,0,12,5,2,1,1,1
Apache BookKeeper :: Server,org.apache.bookkeeper.proto,LongPollReadEntryProcessorV3.new TimerTask() {...},16,0,0,0,3,0,2,0,2,0
Apache BookKeeper :: Server,org.apache.bookkeeper.proto,BookieNettyServer.BookieSideConnectionPeerContextHandler.new BookieConnectionPeer() {...},101,9,14,0,31,1,13,1,6,1
Apache BookKeeper :: Server,org.apache.bookkeeper.proto,ReadEntryProcessor.new Recycler() {...},9,0,0,0,2,0,2,0,2,0
Apache BookKeeper :: Server,org.apache.bookkeeper.proto,BookkeeperProtocol.OperationType.new Internal.EnumLiteMap() {...},3,3,0,0,1,1,1,1,1,1
Apache BookKeeper :: Server,org.apache.bookkeeper.proto,BookkeeperProtocol.AddResponse.Builder,272,130,31,7,72,39,45,8,26,8
Apache BookKeeper :: Server,org.apache.bookkeeper.proto,BookkeeperProtocol.OperationType,47,129,10,2,15,20,14,6,5,5
Apache BookKeeper :: Server,org.apache.bookkeeper.proto,AuthHandler.ClientSideHandler,173,122,27,10,36,33,21,7,3,6
Apache BookKeeper :: Server,org.apache.bookkeeper.proto,DataFormats.LedgerMetadataFormat.DigestType,22,63,4,1,7,14,6,7,3,7
Apache BookKeeper :: Server,org.apache.bookkeeper.proto,BookkeeperProtocol.GetBookieInfoRequest.new AbstractParser() {...},10,0,0,0,2,0,2,0,2,0
Apache BookKeeper :: Server,org.apache.bookkeeper.proto,BookkeeperProtocol.AddRequest.Flag.new Internal.EnumLiteMap() {...},6,0,0,0,2,0,2,0,2,0
Apache BookKeeper :: Server,org.apache.bookkeeper.proto,BookieProtoEncoding.RequestEncoder,25,29,3,1,4,7,2,2,0,2
Apache BookKeeper :: Server,org.apache.bookkeeper.proto,WriteEntryProcessor.new Recycler() {...},9,0,0,0,2,0,2,0,2,0
Apache BookKeeper :: Server,org.apache.bookkeeper.proto,DataFormats.LedgerMetadataFormat.new AbstractParser() {...},7,3,0,0,1,1,1,1,1,1
Apache BookKeeper :: Server,org.apache.bookkeeper.proto,PerChannelBookieClient.WriteLacCompletion.new BookkeeperInternalCallbacks.WriteLacCallback() {...},34,0,0,0,5,0,2,0,2,0
Apache BookKeeper :: Server,org.apache.bookkeeper.proto,PerChannelBookieClient.StartTLSCompletion,82,0,4,0,21,0,6,0,4,0
Apache BookKeeper :: Server,org.apache.bookkeeper.proto,BKStats.OpStats,247,22,24,0,43,7,17,1,5,1
Apache BookKeeper :: Server,org.apache.bookkeeper.proto,PerChannelBookieClient.ReadCompletion.new BookkeeperInternalCallbacks.ReadEntryCallback() {...},0,35,0,0,0,5,0,2,0,2
Apache BookKeeper :: Server,org.apache.bookkeeper.proto,BookkeeperProtocol.WriteLacResponse.Builder,327,0,30,0,92,0,45,0,30,0
Apache BookKeeper :: Server,org.apache.bookkeeper.proto,BookkeeperProtocol.AddRequest,474,336,99,32,109,87,86,25,25,18
Apache BookKeeper :: Server,org.apache.bookkeeper.proto,BookieNettyServer.CleanupChannelGroup,39,29,9,1,7,8,7,3,2,3
Apache BookKeeper :: Server,org.apache.bookkeeper.proto,WriteEntryProcessor,226,0,14,0,55,0,15,0,8,0
Apache BookKeeper :: Server,org.apache.bookkeeper.proto,DataFormats.LedgerMetadataFormat.DigestType.new Internal.EnumLiteMap() {...},3,3,0,0,1,1,1,1,1,1
Apache BookKeeper :: Server,org.apache.bookkeeper.proto,PerChannelBookieClient.ConnectionFutureListener,150,95,20,6,27,17,12,3,0,2
Apache BookKeeper :: Server,org.apache.bookkeeper.proto,BookieProtocol.Request,88,0,8,0,18,0,16,0,12,0
Apache BookKeeper :: Server,org.apache.bookkeeper.proto,PerChannelBookieClient.CompletionKey,16,13,4,0,6,5,3,2,1,2
Apache BookKeeper :: Server,org.apache.bookkeeper.proto,LongPollReadEntryProcessorV3,435,0,42,0,94,0,31,0,10,0
Apache BookKeeper :: Server,org.apache.bookkeeper.proto,DataFormats.LedgerMetadataFormat.Segment.Builder,291,120,25,7,82,35,44,8,29,7
Apache BookKeeper :: Server,org.apache.bookkeeper.proto,BookkeeperProtocol.StartTLSRequest.new AbstractParser() {...},10,0,0,0,2,0,2,0,2,0
Apache BookKeeper :: Server,org.apache.bookkeeper.proto,BookieProtoEncoding.RequestEnDecoderV3,0,21,0,0,0,6,0,3,0,3
Apache BookKeeper :: Server,org.apache.bookkeeper.proto,BookkeeperProtocol.AddRequest.Flag,72,0,4,0,19,0,12,0,10,0
Apache BookKeeper :: Server,org.apache.bookkeeper.proto,BookieNettyServer.new ChannelInitializer() {...},9,112,2,2,1,15,2,2,0,2
Apache BookKeeper :: Server,org.apache.bookkeeper.proto,BookieNettyServer.new ChannelInitializer() {...},116,0,4,0,15,0,4,0,2,0
Apache BookKeeper :: Server,org.apache.bookkeeper.proto,BookieProtoEncoding.RequestEnDeCoderPreV3,282,13,26,0,70,6,17,2,3,2
Apache BookKeeper :: Server,org.apache.bookkeeper.proto,DataFormats.CookieFormat.new AbstractParser() {...},7,3,0,0,1,1,1,1,1,1
Apache BookKeeper :: Server,org.apache.bookkeeper.proto,DataFormats.new Descriptors.FileDescriptor.InternalDescriptorAssigner() {...},0,8,0,0,0,3,0,2,0,2
Apache BookKeeper :: Server,org.apache.bookkeeper.proto,BKStats,51,31,4,2,10,8,6,4,4,3
Apache BookKeeper :: Server,org.apache.bookkeeper.proto,BookieClient.Counter,33,0,2,0,10,0,5,0,4,0
Apache BookKeeper :: Server,org.apache.bookkeeper.proto,PerChannelBookieClient.ConnectionState,0,54,0,0,0,2,0,1,0,1
Apache BookKeeper :: Server,org.apache.bookkeeper.proto,BookieNettyServer.BookieSideConnectionPeerContextHandler,0,24,0,0,0,7,0,3,0,3
Apache BookKeeper :: Server,org.apache.bookkeeper.proto,BKStats.OpStatData,45,0,2,0,14,0,8,0,7,0
Apache BookKeeper :: Server,org.apache.bookkeeper.proto,BookkeeperProtocol.StartTLSResponse,287,0,24,0,87,0,45,0,33,0
Apache BookKeeper :: Server,org.apache.bookkeeper.client,BookKeeperAdmin.new BookkeeperInternalCallbacks.Processor() {...},26,0,0,0,3,0,2,0,2,0
Apache BookKeeper :: Server,org.apache.bookkeeper.client,BookKeeperAdmin.new AsyncCallback.VoidCallback() {...},19,0,0,0,3,0,2,0,2,0
Apache BookKeeper :: Server,org.apache.bookkeeper.client,BookKeeperAdmin.new AsyncCallback.RecoverCallback() {...},35,0,0,0,9,0,2,0,2,0
Apache BookKeeper :: Server,org.apache.bookkeeper.client,BookKeeperAdmin.new BookkeeperInternalCallbacks.Processor() {...},28,0,0,0,3,0,2,0,2,0
Apache BookKeeper :: Server,org.apache.bookkeeper.client,BookKeeperAdmin.new BookkeeperInternalCallbacks.GenericCallback() {...},41,0,0,0,9,0,2,0,2,0
Apache BookKeeper :: Server,org.apache.bookkeeper.client,LedgerFragmentReplicator.UpdateEnsembleCb.new OrderedSafeExecutor.OrderedSafeGenericCallback() {...},63,0,2,0,10,0,4,0,3,0
Apache BookKeeper :: Server,org.apache.bookkeeper.client,BKException.BKClientClosedException,4,0,0,0,2,0,1,0,1,0
Apache BookKeeper :: Server,org.apache.bookkeeper.client,ReadLastConfirmedAndEntryOp,584,0,44,0,102,0,33,0,11,0
Apache BookKeeper :: Server,org.apache.bookkeeper.client,LedgerFragmentReplicator,395,0,26,0,87,0,22,0,9,0
Apache BookKeeper :: Server,org.apache.bookkeeper.client,BookKeeperAdmin.new AsyncCallback.OpenCallback() {...},390,0,40,0,79,0,22,0,2,0
Apache BookKeeper :: Server,org.apache.bookkeeper.client,BookKeeperAdmin.new Iterable() {...},14,0,0,0,2,0,2,0,2,0
Apache BookKeeper :: Server,org.apache.bookkeeper.client,SyncCallbackUtils.SyncReadLastConfirmedCallback,22,0,0,0,8,0,2,0,2,0
Apache BookKeeper :: Server,org.apache.bookkeeper.client,LedgerFragment,331,0,34,0,68,0,33,0,16,0
Apache BookKeeper :: Server,org.apache.bookkeeper.client,SyncCallbackUtils.SyncCreateCallback,0,12,0,0,0,5,0,2,0,2
Apache BookKeeper :: Server,org.apache.bookkeeper.client,BookKeeperAdmin.SyncObject,9,0,0,0,4,0,1,0,1,0
Apache BookKeeper :: Server,org.apache.bookkeeper.client,LedgerHandle.EnsembleInfo,36,0,0,0,10,0,2,0,2,0
Apache BookKeeper :: Server,org.apache.bookkeeper.client,ReadOnlyLedgerHandle,235,0,14,0,53,0,18,0,11,0
Apache BookKeeper :: Server,org.apache.bookkeeper.client,SyncCallbackUtils.LastAddConfirmedCallback,26,0,4,0,7,0,5,0,3,0
Apache BookKeeper :: Server,org.apache.bookkeeper.client,ExplicitLacFlushPolicy.ExplicitLacFlushPolicyImpl.new SafeRunnable() {...},106,0,10,0,17,0,8,0,3,0
Apache BookKeeper :: Server,org.apache.bookkeeper.client,ExplicitLacFlushPolicy.ExplicitLacFlushPolicyImpl.new SafeRunnable() {...},24,0,0,0,4,0,2,0,2,0
Apache BookKeeper :: Server,org.apache.bookkeeper.client,LedgerHandle.11.new OrderedSafeExecutor.OrderedSafeGenericCallback() {...},49,0,2,0,7,0,4,0,3,0
Apache BookKeeper :: Server,org.apache.bookkeeper.client,BKException.BKUnauthorizedAccessException,4,0,0,0,2,0,1,0,1,0
Apache BookKeeper :: Server,org.apache.bookkeeper.client,BKException.BKLedgerRecoveryException,4,0,0,0,2,0,1,0,1,0
Apache BookKeeper :: Server,org.apache.bookkeeper.client,BookKeeperAdmin.6.new AsyncCallback.OpenCallback() {...},64,0,2,0,9,0,4,0,3,0
Apache BookKeeper :: Server,org.apache.bookkeeper.client,BookKeeperAdmin.6.new AsyncCallback.VoidCallback() {...},53,0,2,0,12,0,3,0,2,0
Apache BookKeeper :: Server,org.apache.bookkeeper.client,BKException.BKQuorumException,4,0,0,0,2,0,1,0,1,0
[...]
Apache BookKeeper :: Server,org.apache.bookkeeper.client,BKException,128,10,32,1,32,4,32,2,0,2
Apache BookKeeper :: Server,org.apache.bookkeeper.client,LedgerOpenOp.new AsyncCallback.ReadLastConfirmedCallback() {...},36,0,2,0,6,0,3,0,2,0
Apache BookKeeper :: Server,org.apache.bookkeeper.client,ExplicitLacFlushPolicy.ExplicitLacFlushPolicyImpl,130,0,4,0,37,0,12,0,10,0
Apache BookKeeper :: Server,org.apache.bookkeeper.client,ReadLastConfirmedOp,252,0,32,0,51,0,21,0,5,0
Apache BookKeeper :: Server,org.apache.bookkeeper.client,LedgerOpenOp.new OrderedSafeExecutor.OrderedSafeGenericCallback() {...},49,0,4,0,8,0,5,0,3,0
Apache BookKeeper :: Server,org.apache.bookkeeper.client,DefaultSpeculativeRequestExecutionPolicy,32,51,4,2,6,13,3,4,0,4
Apache BookKeeper :: Server,org.apache.bookkeeper.client,LedgerDeleteOp,74,0,2,0,17,0,6,0,5,0
Apache BookKeeper :: Server,org.apache.bookkeeper.client,BookKeeperAdmin.7.new Iterator() {...},69,0,10,0,19,0,9,0,4,0
Apache BookKeeper :: Server,org.apache.bookkeeper.client,DistributionSchedule,5,0,0,0,1,0,1,0,1,0
Apache BookKeeper :: Server,org.apache.bookkeeper.client,BookKeeper.new Object() {...},12,0,0,0,2,0,1,0,1,0
Apache BookKeeper :: Server,org.apache.bookkeeper.client,BookieInfoReader,304,42,37,1,74,12,30,2,11,2
Apache BookKeeper :: Server,org.apache.bookkeeper.client,MacDigestManager.new ThreadLocal() {...},33,0,0,0,9,0,2,0,2,0
Apache BookKeeper :: Server,org.apache.bookkeeper.client,RoundRobinDistributionSchedule.RRQuorumCoverageSet,105,0,20,0,22,0,13,0,3,0
Apache BookKeeper :: Server,org.apache.bookkeeper.client,BKException.BKBookieHandleNotAvailableException,4,0,0,0,2,0,1,0,1,0
Apache BookKeeper :: Server,org.apache.bookkeeper.client,UpdateLedgerOp.UpdateLedgerCb,86,0,4,0,22,0,6,0,4,0
Apache BookKeeper :: Server,org.apache.bookkeeper.client,SyncCallbackUtils.SyncReadCallback,0,12,0,0,0,5,0,2,0,2
Apache BookKeeper :: Server,org.apache.bookkeeper.client,LedgerOpenOp.OpenBuilderImpl,119,0,10,0,35,0,13,0,8,0
Apache BookKeeper :: Server,org.apache.bookkeeper.client,RoundRobinDistributionSchedule.WriteSetImpl,281,103,39,7,57,28,30,12,9,10
Apache BookKeeper :: Server,org.apache.bookkeeper.client,BKException.BKIllegalOpException,4,0,0,0,2,0,1,0,1,0
Apache BookKeeper :: Server,org.apache.bookkeeper.client,LedgerCreateOp.CreateBuilderImpl,193,0,16,0,57,0,19,0,11,0
Apache BookKeeper :: Server,org.apache.bookkeeper.client,DigestManager,239,144,13,6,44,34,15,7,5,7
Apache BookKeeper :: Server,org.apache.bookkeeper.client,BKException.BKUnclosedFragmentException,4,0,0,0,2,0,1,0,1,0
Apache BookKeeper :: Server,org.apache.bookkeeper.client,LedgerHandle.3.new OrderedSafeExecutor.OrderedSafeGenericCallback() {...},60,39,2,2,4,7,3,2,1,2
Apache BookKeeper :: Server,org.apache.bookkeeper.client,PendingReadLacOp,228,0,34,0,52,0,21,0,4,0
Apache BookKeeper :: Server,org.apache.bookkeeper.client,BookKeeperAdmin.2.new BookkeeperInternalCallbacks.GenericCallback() {...},59,0,6,0,14,0,5,0,2,0
Apache BookKeeper :: Server,org.apache.bookkeeper.client,LedgerHandle.3.1CloseCb.new OrderedSafeExecutor.OrderedSafeGenericCallback() {...},211,0,8,0,23,0,7,0,3,0
Apache BookKeeper :: Server,org.apache.bookkeeper.client,DefaultEnsemblePlacementPolicy,282,0,32,0,71,0,26,0,10,0
Apache BookKeeper :: Server,org.apache.bookkeeper.client,BKException.MetaStoreException,4,0,0,0,2,0,1,0,1,0
Apache BookKeeper :: Server,org.apache.bookkeeper.client,LedgerRecoveryOp.RecoveryReadOp,17,0,0,0,4,0,2,0,2,0
Apache BookKeeper :: Server,org.apache.bookkeeper.client,DistributionSchedule.new DistributionSchedule.WriteSet() {...},29,0,0,0,11,0,11,0,11,0
Apache BookKeeper :: Server,org.apache.bookkeeper.client,BKException.BKNoSuchEntryException,4,0,0,0,2,0,1,0,1,0
Apache BookKeeper :: Server,org.apache.bookkeeper.client,BKException.BKWriteException,4,0,0,0,2,0,1,0,1,0
Apache BookKeeper :: Server,org.apache.bookkeeper.client,BookKeeper,699,538,50,18,173,139,76,26,42,26
Apache BookKeeper :: Server,org.apache.bookkeeper.client,SyncCallbackUtils.FutureReadLastConfirmedAndEntry,12,0,0,0,4,0,2,0,2,0
Apache BookKeeper :: Server,org.apache.bookkeeper.client,ListenerBasedPendingReadOp,93,0,8,0,22,0,8,0,4,0
Apache BookKeeper :: Server,org.apache.bookkeeper.client,DefaultSpeculativeRequestExecutionPolicy.new Runnable() {...},0,26,0,0,0,4,0,2,0,2
Apache BookKeeper :: Server,org.apache.bookkeeper.client,TopologyAwareEnsemblePlacementPolicy.RRTopologyAwareCoverageEnsemble,345,121,51,9,62,27,34,5,6,3
Apache BookKeeper :: Server,org.apache.bookkeeper.client,UpdateLedgerOp,69,0,0,0,18,0,3,0,3,0
Apache BookKeeper :: Server,org.apache.bookkeeper.client,RegionAwareEnsemblePlacementPolicy,1545,0,184,0,300,0,105,0,13,0
Apache BookKeeper :: Server,org.apache.bookkeeper.client,SyncCallbackUtils,13,30,1,3,5,9,2,4,1,3
Apache BookKeeper :: Server,org.apache.bookkeeper.client,LedgerRecoveryOp.new AsyncCallback.CloseCallback() {...},37,0,4,0,9,0,4,0,2,0
Apache BookKeeper :: Server,org.apache.bookkeeper.client,LedgerRecoveryOp.new ReadLastConfirmedOp.LastConfirmedDataCallback() {...},72,0,4,0,13,0,4,0,2,0
Apache BookKeeper :: Server,org.apache.bookkeeper.client,BKException.BKNoSuchLedgerExistsException,4,0,0,0,2,0,1,0,1,0
Apache BookKeeper :: Server,org.apache.bookkeeper.client,BKException.BKDuplicateEntryIdException,4,0,0,0,2,0,1,0,1,0
Apache BookKeeper :: Server,org.apache.bookkeeper.client,BKException.BKLedgerIdOverflowException,4,0,0,0,2,0,1,0,1,0
Apache BookKeeper :: Server,org.apache.bookkeeper.client,LedgerHandle.LastConfirmedCtx,29,0,2,0,10,0,7,0,6,0
Apache BookKeeper :: Server,org.apache.bookkeeper.client,WeightedRandomSelection.new Comparator() {...},26,0,4,0,7,0,4,0,2,0
Apache BookKeeper :: Server,org.apache.bookkeeper.client,ReadLastConfirmedAndEntryOp.ParallelReadRequest,99,0,10,0,22,0,9,0,4,0
Apache BookKeeper :: Server,org.apache.bookkeeper.client,LedgerChecker,368,0,34,0,86,0,23,0,6,0
Apache BookKeeper :: Server,org.apache.bookkeeper.client,LedgerChecker.FullLedgerCallback,47,0,6,0,13,0,5,0,2,0
Apache BookKeeper :: Server,org.apache.bookkeeper.client,BookKeeperAdmin.LedgerEntriesIterable,40,0,0,0,10,0,3,0,3,0
Apache BookKeeper :: Server,org.apache.bookkeeper.client,BKException.BKWriteOnReadOnlyBookieException,4,0,0,0,2,0,1,0,1,0
Apache BookKeeper :: Server,org.apache.bookkeeper.client,BookKeeperAdmin.ReadMetadataCallback,22,0,2,0,8,0,4,0,3,0
Apache BookKeeper :: Server,org.apache.bookkeeper.client,BKException.BKReplicationException,4,0,0,0,2,0,1,0,1,0
Apache BookKeeper :: Server,org.apache.bookkeeper.client,SyncCallbackUtils.SyncAddCallback,0,9,0,0,0,3,0,2,0,2
Apache BookKeeper :: Server,org.apache.bookkeeper.client,TryReadLastConfirmedOp,230,0,24,0,42,0,16,0,4,0
Apache BookKeeper :: Server,org.apache.bookkeeper.client,BookKeeper.new AsyncCallback.IsClosedCallback() {...},22,0,0,0,5,0,2,0,2,0
Apache BookKeeper :: Server,org.apache.bookkeeper.client,ReadLastConfirmedAndEntryOp.new Callable() {...},66,0,8,0,8,0,6,0,2,0
Apache BookKeeper :: Server,org.apache.bookkeeper.client,BookKeeper.new BookkeeperInternalCallbacks.GenericCallback() {...},31,0,2,0,5,0,3,0,2,0
Apache BookKeeper :: Server,org.apache.bookkeeper.client,BookKeeper.new SafeRunnable() {...},10,0,0,0,3,0,2,0,2,0
Apache BookKeeper :: Server,org.apache.bookkeeper.client,LedgerCreateOp.new BookkeeperInternalCallbacks.GenericCallback() {...},6,27,1,1,2,5,1,2,0,2
Apache BookKeeper :: Server,org.apache.bookkeeper.client,BKException.BKIncorrectParameterException,0,4,0,0,0,2,0,1,0,1
Apache BookKeeper :: Server,org.apache.bookkeeper.client,BookKeeperAdmin.ResultCallBack,12,0,0,0,5,0,2,0,2,0
Apache BookKeeper :: Server,org.apache.bookkeeper.client,LedgerHandle.ChangeEnsembleCb,151,0,8,0,26,0,7,0,3,0
Apache BookKeeper :: Server,org.apache.bookkeeper.client,BookieInfoReader.2.new Runnable() {...},25,0,0,0,3,0,2,0,2,0
Apache BookKeeper :: Server,org.apache.bookkeeper.client,ReadLastConfirmedAndEntryOp.ReadLACAndEntryRequest,256,0,26,0,54,0,23,0,10,0
Apache BookKeeper :: Server,org.apache.bookkeeper.client,PendingReadOp.ParallelReadRequest,99,0,10,0,22,0,9,0,4,0
Apache BookKeeper :: Server,org.apache.bookkeeper.client,BKException.ZKException,4,0,0,0,2,0,1,0,1,0
Apache BookKeeper :: Server,org.apache.bookkeeper.client,RackawareEnsemblePlacementPolicyImpl,902,479,128,26,194,116,86,21,12,18
Apache BookKeeper :: Server,org.apache.bookkeeper.client,LedgerHandleAdv.new SafeRunnable() {...},42,0,0,0,6,0,3,0,3,0
Apache BookKeeper :: Server,org.apache.bookkeeper.client,MacDigestManager,35,18,0,0,9,5,4,2,4,2
Apache BookKeeper :: Server,org.apache.bookkeeper.client,BKException.BKInterruptedException,4,0,0,0,2,0,1,0,1,0
Apache BookKeeper :: Server,org.apache.bookkeeper.client,BookKeeperAdmin.new AsyncCallback.VoidCallback() {...},19,0,0,0,5,0,2,0,2,0
Apache BookKeeper :: Server,org.apache.bookkeeper.client,DefaultSpeculativeRequestExecutionPolicy.1.new FutureCallback() {...},59,13,2,2,7,4,3,2,1,2
Apache BookKeeper :: Server,org.apache.bookkeeper.client,SyncCallbackUtils.SyncCloseCallback,0,12,0,0,0,5,0,2,0,2
Apache BookKeeper :: Server,org.apache.bookkeeper.client,BKException.BKReadException,4,0,0,0,2,0,1,0,1,0
Apache BookKeeper :: Server,org.apache.bookkeeper.client,BookKeeperAdmin,1531,0,134,0,353,0,121,0,54,0
Apache BookKeeper :: Server,org.apache.bookkeeper.client,PendingReadOp,151,315,16,20,24,70,16,16,2,12
Apache BookKeeper :: Server,org.apache.bookkeeper.client,BKException.BKTooManyRequestsException,4,0,0,0,2,0,1,0,1,0
Apache BookKeeper :: Server,org.apache.bookkeeper.shims.zk,ZooKeeperServerShimFactory,15,0,0,0,4,0,2,0,2,0
Apache BookKeeper :: Server,org.apache.bookkeeper.shims.zk,ZooKeeperServerShimImpl,73,0,8,0,19,0,8,0,4,0
Apache BookKeeper :: Server,org.apache.bookkeeper.auth,AuthProviderFactoryFactory.AuthenticationDisabledAuthProviderFactory,3,10,0,0,2,2,2,1,2,1
Apache BookKeeper :: Server,org.apache.bookkeeper.auth,AuthToken,19,0,0,0,6,0,4,0,4,0
Apache BookKeeper :: Server,org.apache.bookkeeper.auth,AuthProviderFactoryFactory.AuthenticationDisabledAuthProviderFactory.new BookieAuthProvider() {...},9,9,0,0,3,1,1,1,1,1
Apache BookKeeper :: Server,org.apache.bookkeeper.auth,BookieAuthProvider,1,1,0,0,1,1,1,1,1,1
Apache BookKeeper :: Server,org.apache.bookkeeper.auth,ClientAuthProvider,1,1,0,0,1,1,1,1,1,1
Apache BookKeeper :: Server,org.apache.bookkeeper.auth,AuthProviderFactoryFactory.NullClientAuthProviderFactory.new ClientAuthProvider() {...},1,7,0,0,1,2,1,2,1,2
Apache BookKeeper :: Server,org.apache.bookkeeper.auth,ClientAuthProvider.Factory,0,1,0,0,0,1,0,1,0,1
Apache BookKeeper :: Server,org.apache.bookkeeper.auth,BookieAuthProvider.Factory,0,1,0,0,0,1,0,1,0,1
Apache BookKeeper :: Server,org.apache.bookkeeper.auth,AuthProviderFactoryFactory.NullClientAuthProviderFactory,1,14,0,0,1,4,1,2,1,2
Apache BookKeeper :: Server,org.apache.bookkeeper.auth,AuthCallbacks,3,0,0,0,1,0,1,0,1,0
Apache BookKeeper :: Server,org.apache.bookkeeper.auth,AuthProviderFactoryFactory,29,20,6,2,7,6,5,2,1,2
Apache BookKeeper :: Server,org.apache.bookkeeper.auth,BookKeeperPrincipal,44,24,8,0,14,5,7,3,3,3
Apache BookKeeper :: Server,org.apache.bookkeeper.conf,ClientConfiguration,576,280,6,2,153,55,84,51,80,51
Apache BookKeeper :: Server,org.apache.bookkeeper.conf,ServerConfiguration,821,612,29,15,216,136,129,101,109,99
Apache BookKeeper :: Server,org.apache.bookkeeper.conf,AbstractConfiguration,171,93,6,4,50,25,29,14,25,13
Apache BookKeeper :: Server,org.apache.bookkeeper.sasl,SASLClientProviderFactory,184,0,14,0,52,0,21,0,14,0
Apache BookKeeper :: Server,org.apache.bookkeeper.sasl,TGTRefreshThread,527,0,44,0,132,0,31,0,9,0
Apache BookKeeper :: Server,org.apache.bookkeeper.sasl,SASLBookieAuthProviderFactory.ClientCallbackHandler,99,0,16,0,30,0,10,0,2,0
Apache BookKeeper :: Server,org.apache.bookkeeper.sasl,SaslServerState.new PrivilegedExceptionAction() {...},33,0,0,0,5,0,2,0,2,0
Apache BookKeeper :: Server,org.apache.bookkeeper.sasl,SaslConstants,83,0,14,0,19,0,10,0,3,0
Apache BookKeeper :: Server,org.apache.bookkeeper.sasl,SaslClientState,234,0,20,0,51,0,16,0,6,0
Apache BookKeeper :: Server,org.apache.bookkeeper.sasl,SaslServerState,143,0,8,0,36,0,10,0,6,0
Apache BookKeeper :: Server,org.apache.bookkeeper.sasl,SASLBookieAuthProvider,67,0,6,0,21,0,6,0,3,0
Apache BookKeeper :: Server,org.apache.bookkeeper.sasl,SASLBookieAuthProviderFactory,186,0,10,0,48,0,19,0,14,0
Apache BookKeeper :: Server,org.apache.bookkeeper.sasl,SaslClientState.new PrivilegedExceptionAction() {...},16,0,0,0,2,0,2,0,2,0
Apache BookKeeper :: Server,org.apache.bookkeeper.sasl,SaslClientState.new PrivilegedExceptionAction() {...},36,0,0,0,3,0,2,0,2,0
Apache BookKeeper :: Server,org.apache.bookkeeper.sasl,SASLClientAuthProvider,144,0,12,0,42,0,10,0,4,0
Apache BookKeeper :: Server,org.apache.bookkeeper.sasl,SaslServerState.SaslServerCallbackHandler,344,0,32,0,65,0,22,0,6,0
Apache BookKeeper :: Server,org.apache.bookkeeper.sasl,SaslClientState.ClientCallbackHandler,99,0,16,0,30,0,10,0,2,0
Apache BookKeeper :: Server,org.apache.bookkeeper.server.http,BKHttpServiceProvider,229,0,28,0,50,0,29,0,7,0
Apache BookKeeper :: Server,org.apache.bookkeeper.server.http,BKHttpServiceProvider.Builder,38,0,0,0,11,0,5,0,5,0
Apache BookKeeper :: Server,org.apache.bookkeeper.streaming,LedgerOutputStream,187,0,10,0,51,0,14,0,9,0
Apache BookKeeper :: Server,org.apache.bookkeeper.streaming,LedgerInputStream,282,0,18,0,66,0,16,0,7,0
Apache BookKeeper :: Server,org.apache.bookkeeper.discover,ZKRegistrationClient.WatchTask,36,144,9,11,14,38,9,13,2,10
Apache BookKeeper :: Server,org.apache.bookkeeper.discover,ZKRegistrationManager,401,262,22,10,88,64,20,15,5,14
Apache BookKeeper :: Server,org.apache.bookkeeper.discover,ZKRegistrationManager.new Watcher() {...},3,14,1,1,1,3,1,2,0,2
Apache BookKeeper :: Server,org.apache.bookkeeper.discover,ZKRegistrationClient,116,239,13,17,35,61,13,16,4,10
Apache BookKeeper :: Server,org.apache.bookkeeper.server.service,HttpService,35,0,0,0,11,0,4,0,4,0
Apache BookKeeper :: Server,org.apache.bookkeeper.server.service,BookieService,34,0,0,0,12,0,5,0,5,0
Apache BookKeeper :: Server,org.apache.bookkeeper.server.service,AutoRecoveryService,31,0,0,0,12,0,4,0,4,0
Apache BookKeeper :: Server,org.apache.bookkeeper.server.service,StatsProviderService,29,0,0,0,11,0,5,0,5,0
Apache BookKeeper :: Server,org.apache.bookkeeper.stats,AlertStatsLogger,129,0,10,0,29,0,11,0,6,0
Apache BookKeeper :: Server,org.apache.bookkeeper.tls,TLSContextFactory,410,0,45,0,122,0,35,0,12,0
Apache BookKeeper :: Server,org.apache.bookkeeper.tls,SecurityProviderFactoryFactory,38,8,3,1,11,3,3,2,1,2
Apache BookKeeper :: Server,org.apache.bookkeeper.tls,SecurityHandlerFactory.NodeType,34,0,0,0,4,0,1,0,1,0
Apache BookKeeper :: Server,org.apache.bookkeeper.tls,SecurityException,16,0,0,0,7,0,4,0,4,0
Apache BookKeeper :: Server,org.apache.bookkeeper.metastore,MSException.MSInterruptedException,11,0,0,0,4,0,2,0,2,0
Apache BookKeeper :: Server,org.apache.bookkeeper.metastore,InMemoryMetastoreTable.new Runnable() {...},26,0,0,0,3,0,2,0,2,0
Apache BookKeeper :: Server,org.apache.bookkeeper.metastore,InMemoryMetastoreTable.new Runnable() {...},47,0,0,0,6,0,2,0,2,0
Apache BookKeeper :: Server,org.apache.bookkeeper.metastore,InMemoryMetastoreTable.new Runnable() {...},61,0,6,0,9,0,5,0,2,0
Apache BookKeeper :: Server,org.apache.bookkeeper.metastore,InMemoryMetastoreTable.new Runnable() {...},57,0,0,0,4,0,2,0,2,0
Apache BookKeeper :: Server,org.apache.bookkeeper.metastore,InMemoryMetastoreTable.new Runnable() {...},30,0,0,0,3,0,2,0,2,0
Apache BookKeeper :: Server,org.apache.bookkeeper.metastore,InMemoryMetastoreTable.new Runnable() {...},73,0,8,0,9,0,6,0,2,0
Apache BookKeeper :: Server,org.apache.bookkeeper.metastore,MetastoreScannableTable,5,0,0,0,2,0,1,0,1,0
Apache BookKeeper :: Server,org.apache.bookkeeper.metastore,MSException.BadVersionException,11,0,0,0,4,0,2,0,2,0
Apache BookKeeper :: Server,org.apache.bookkeeper.metastore,MSWatchedEvent.EventType,24,0,0,0,1,0,1,0,1,0
Apache BookKeeper :: Server,org.apache.bookkeeper.metastore,MSException.OperationFailureException,11,0,0,0,4,0,2,0,2,0
Apache BookKeeper :: Server,org.apache.bookkeeper.metastore,MetastoreUtils.MultiMetastoreCallback,57,0,6,0,17,0,6,0,3,0
Apache BookKeeper :: Server,org.apache.bookkeeper.metastore,MSException.Code,158,0,2,0,22,0,6,0,5,0
Apache BookKeeper :: Server,org.apache.bookkeeper.metastore,InMemoryMetastoreTable,554,0,64,0,119,0,51,0,19,0
Apache BookKeeper :: Server,org.apache.bookkeeper.metastore,MetastoreCursor,5,0,0,0,1,0,1,0,1,0
Apache BookKeeper :: Server,org.apache.bookkeeper.metastore,InMemoryMetastoreTable.MetadataVersion,101,0,18,0,29,0,16,0,7,0
Apache BookKeeper :: Server,org.apache.bookkeeper.metastore,MetastoreUtils,115,0,8,0,31,0,7,0,3,0
Apache BookKeeper :: Server,org.apache.bookkeeper.metastore,MetastoreScannableTable.Order,24,0,0,0,3,0,1,0,1,0
Apache BookKeeper :: Server,org.apache.bookkeeper.metastore,MetastoreException,13,0,0,0,6,0,3,0,3,0
Apache BookKeeper :: Server,org.apache.bookkeeper.metastore,MSException.NoEntriesException,11,0,0,0,4,0,2,0,2,0
Apache BookKeeper :: Server,org.apache.bookkeeper.metastore,InMemoryMetastoreTable.Result,9,0,0,0,4,0,1,0,1,0
Apache BookKeeper :: Server,org.apache.bookkeeper.metastore,MetastoreUtils.SyncMetastoreCallback,35,0,2,0,10,0,4,0,3,0
Apache BookKeeper :: Server,org.apache.bookkeeper.metastore,MetastoreFactory,21,0,0,0,4,0,2,0,2,0
Apache BookKeeper :: Server,org.apache.bookkeeper.metastore,MSException,100,0,8,0,18,0,13,0,6,0
Apache BookKeeper :: Server,org.apache.bookkeeper.metastore,MSException.NoKeyException,11,0,0,0,4,0,2,0,2,0
Apache BookKeeper :: Server,org.apache.bookkeeper.metastore,Value,263,0,24,0,61,0,25,0,13,0
Apache BookKeeper :: Server,org.apache.bookkeeper.metastore,MSException.KeyExistsException,11,0,0,0,4,0,2,0,2,0
Apache BookKeeper :: Server,org.apache.bookkeeper.metastore,InMemoryMetastoreCursor,89,0,6,0,23,0,9,0,6,0
Apache BookKeeper :: Server,org.apache.bookkeeper.metastore,InMemoryMetastoreCursor.new Runnable() {...},42,0,2,0,7,0,3,0,2,0
Apache BookKeeper :: Server,org.apache.bookkeeper.metastore,InMemoryMetaStore,39,8,2,0,12,3,9,2,8,2
Apache BookKeeper :: Server,org.apache.bookkeeper.metastore,MSWatchedEvent,15,0,0,0,6,0,3,0,3,0
Apache BookKeeper :: Server,org.apache.bookkeeper.metastore,MSException.ServiceDownException,11,0,0,0,4,0,2,0,2,0
Apache BookKeeper :: Server,org.apache.bookkeeper.metastore,MetastoreCursor.new MetastoreCursor() {...},18,0,0,0,6,0,5,0,5,0
Apache BookKeeper :: Server,org.apache.bookkeeper.metastore,MSException.IllegalOpException,11,0,0,0,4,0,2,0,2,0
Apache BookKeeper :: Server,org.apache.bookkeeper.metastore,MetastoreTable,5,0,0,0,2,0,1,0,1,0
Apache BookKeeper :: Server,org.apache.bookkeeper.metastore,MetastoreTableItem,23,0,0,0,10,0,5,0,5,0
Apache BookKeeper :: Server,org.apache.bookkeeper.client.impl,LedgerEntriesImpl,87,36,7,1,16,10,8,4,4,4
Apache BookKeeper :: Server,org.apache.bookkeeper.client.impl,LedgerEntriesImpl.new Recycler() {...},0,9,0,0,0,2,0,2,0,2
Apache BookKeeper :: Server,org.apache.bookkeeper.client.impl,LedgerEntryImpl.new Recycler() {...},0,9,0,0,0,2,0,2,0,2
Apache BookKeeper :: Server,org.apache.bookkeeper.client.impl,LedgerEntryImpl,51,71,0,0,16,26,6,11,6,11
Apache BookKeeper :: Server,org.apache.bookkeeper.client.impl,BookKeeperBuilderImpl,53,0,0,0,16,0,8,0,8,0
Apache BookKeeper :: Server,org.apache.bookkeeper.client.impl,LastConfirmedAndEntryImpl,65,0,4,0,21,0,9,0,7,0
Apache BookKeeper :: Server,org.apache.bookkeeper.client.impl,LastConfirmedAndEntryImpl.new Recycler() {...},8,0,0,0,2,0,2,0,2,0
Apache BookKeeper :: Server,org.apache.bookkeeper.versioning,Version,10,7,2,0,3,2,2,1,1,1
Apache BookKeeper :: Server,org.apache.bookkeeper.versioning,Versioned,117,15,22,0,1,3,17,3,6,3
Apache BookKeeper :: Server,org.apache.bookkeeper.versioning,Version.new Version() {...},7,11,2,2,2,4,2,2,0,2
Apache BookKeeper :: Server,org.apache.bookkeeper.versioning,Version.Occurred,0,34,0,0,0,2,0,1,0,1
Apache BookKeeper :: Server,org.apache.bookkeeper.versioning,LongVersion,25,39,7,5,8,14,7,4,1,4
